# JRE version: Java(TM) SE Runtime Environment (8.0_181-b13) (build 1.8.0_181-b13)
# Java VM: Java HotSpot(TM) 64-Bit Server VM (25.181-b13 mixed mode windows-amd64 compressed oops)
Heap:
 PSYoungGen      total 142336K, used 116784K [0x00000000d5580000, 0x00000000e5380000, 0x0000000100000000)
  eden space 131072K, 84% used [0x00000000d5580000,0x00000000dc12a410,0x00000000dd580000)
  from space 11264K, 58% used [0x00000000dd580000,0x00000000ddbe1f88,0x00000000de080000)
  to   space 10752K, 0% used [0x00000000e4900000,0x00000000e4900000,0x00000000e5380000)
 ParOldGen       total 55808K, used 13628K [0x0000000080000000, 0x0000000083680000, 0x00000000d5580000)
  object space 55808K, 24% used [0x0000000080000000,0x0000000080d4f2c8,0x0000000083680000)
 Metaspace       used 29440K, capacity 30540K, committed 30848K, reserved 1077248K
  class space    used 3552K, capacity 3876K, committed 3968K, reserved 1048576K
GC Heap History (10 events):
Event: 9.486 GC heap before
{Heap before GC invocations=4 (full 0):
 PSYoungGen      total 38400K, used 38395K [0x00000000d5580000, 0x00000000da080000, 0x0000000100000000)
  eden space 33280K, 100% used [0x00000000d5580000,0x00000000d7600000,0x00000000d7600000)
  from space 5120K, 99% used [0x00000000d7600000,0x00000000d7afefc8,0x00000000d7b00000)
  to   space 5120K, 0% used [0x00000000d9b80000,0x00000000d9b80000,0x00000000da080000)
 ParOldGen       total 87552K, used 220K [0x0000000080000000, 0x0000000085580000, 0x00000000d5580000)
  object space 87552K, 0% used [0x0000000080000000,0x00000000800372e0,0x0000000085580000)
 Metaspace       used 15773K, capacity 15984K, committed 16128K, reserved 1062912K
  class space    used 1702K, capacity 1773K, committed 1792K, reserved 1048576K
Event: 9.497 GC heap after
Heap after GC invocations=4 (full 0):
 PSYoungGen      total 71680K, used 5113K [0x00000000d5580000, 0x00000000da080000, 0x0000000100000000)
  eden space 66560K, 0% used [0x00000000d5580000,0x00000000d5580000,0x00000000d9680000)
  from space 5120K, 99% used [0x00000000d9b80000,0x00000000da07e780,0x00000000da080000)
  to   space 5120K, 0% used [0x00000000d9680000,0x00000000d9680000,0x00000000d9b80000)
 ParOldGen       total 87552K, used 2665K [0x0000000080000000, 0x0000000085580000, 0x00000000d5580000)
  object space 87552K, 3% used [0x0000000080000000,0x000000008029a428,0x0000000085580000)
 Metaspace       used 15773K, capacity 15984K, committed 16128K, reserved 1062912K
  class space    used 1702K, capacity 1773K, committed 1792K, reserved 1048576K
}
Event: 10.692 GC heap before
{Heap before GC invocations=5 (full 0):
 PSYoungGen      total 71680K, used 71673K [0x00000000d5580000, 0x00000000da080000, 0x0000000100000000)
  eden space 66560K, 100% used [0x00000000d5580000,0x00000000d9680000,0x00000000d9680000)
  from space 5120K, 99% used [0x00000000d9b80000,0x00000000da07e780,0x00000000da080000)
  to   space 5120K, 0% used [0x00000000d9680000,0x00000000d9680000,0x00000000d9b80000)
 ParOldGen       total 87552K, used 2665K [0x0000000080000000, 0x0000000085580000, 0x00000000d5580000)
  object space 87552K, 3% used [0x0000000080000000,0x000000008029a428,0x0000000085580000)
 Metaspace       used 18990K, capacity 19246K, committed 19712K, reserved 1067008K
  class space    used 2106K, capacity 2179K, committed 2304K, reserved 1048576K
Event: 10.711 GC heap after
Heap after GC invocations=5 (full 0):
 PSYoungGen      total 71680K, used 5097K [0x00000000d5580000, 0x00000000de980000, 0x0000000100000000)
  eden space 66560K, 0% used [0x00000000d5580000,0x00000000d5580000,0x00000000d9680000)
  from space 5120K, 99% used [0x00000000d9680000,0x00000000d9b7a750,0x00000000d9b80000)
  to   space 9216K, 0% used [0x00000000de080000,0x00000000de080000,0x00000000de980000)
 ParOldGen       total 87552K, used 5987K [0x0000000080000000, 0x0000000085580000, 0x00000000d5580000)
  object space 87552K, 6% used [0x0000000080000000,0x00000000805d8ce0,0x0000000085580000)
 Metaspace       used 18990K, capacity 19246K, committed 19712K, reserved 1067008K
  class space    used 2106K, capacity 2179K, committed 2304K, reserved 1048576K
}
Event: 12.359 GC heap before
{Heap before GC invocations=6 (full 0):
 PSYoungGen      total 71680K, used 49670K [0x00000000d5580000, 0x00000000de980000, 0x0000000100000000)
  eden space 66560K, 66% used [0x00000000d5580000,0x00000000d81071a8,0x00000000d9680000)
  from space 5120K, 99% used [0x00000000d9680000,0x00000000d9b7a750,0x00000000d9b80000)
  to   space 9216K, 0% used [0x00000000de080000,0x00000000de080000,0x00000000de980000)
 ParOldGen       total 87552K, used 5987K [0x0000000080000000, 0x0000000085580000, 0x00000000d5580000)
  object space 87552K, 6% used [0x0000000080000000,0x00000000805d8ce0,0x0000000085580000)
 Metaspace       used 20912K, capacity 21166K, committed 21296K, reserved 1069056K
  class space    used 2316K, capacity 2408K, committed 2432K, reserved 1048576K
Event: 12.447 GC heap after
Heap after GC invocations=6 (full 0):
 PSYoungGen      total 140288K, used 9193K [0x00000000d5580000, 0x00000000ded80000, 0x0000000100000000)
  eden space 131072K, 0% used [0x00000000d5580000,0x00000000d5580000,0x00000000dd580000)
  from space 9216K, 99% used [0x00000000de080000,0x00000000de97a7b0,0x00000000de980000)
  to   space 11264K, 0% used [0x00000000dd580000,0x00000000dd580000,0x00000000de080000)
 ParOldGen       total 87552K, used 7704K [0x0000000080000000, 0x0000000085580000, 0x00000000d5580000)
  object space 87552K, 8% used [0x0000000080000000,0x00000000807862a0,0x0000000085580000)
 Metaspace       used 20912K, capacity 21166K, committed 21296K, reserved 1069056K
  class space    used 2316K, capacity 2408K, committed 2432K, reserved 1048576K
}
Event: 12.447 GC heap before
{Heap before GC invocations=7 (full 1):
 PSYoungGen      total 140288K, used 9193K [0x00000000d5580000, 0x00000000ded80000, 0x0000000100000000)
  eden space 131072K, 0% used [0x00000000d5580000,0x00000000d5580000,0x00000000dd580000)
  from space 9216K, 99% used [0x00000000de080000,0x00000000de97a7b0,0x00000000de980000)
  to   space 11264K, 0% used [0x00000000dd580000,0x00000000dd580000,0x00000000de080000)
 ParOldGen       total 87552K, used 7704K [0x0000000080000000, 0x0000000085580000, 0x00000000d5580000)
  object space 87552K, 8% used [0x0000000080000000,0x00000000807862a0,0x0000000085580000)
 Metaspace       used 20912K, capacity 21166K, committed 21296K, reserved 1069056K
  class space    used 2316K, capacity 2408K, committed 2432K, reserved 1048576K
Event: 12.541 GC heap after
Heap after GC invocations=7 (full 1):
 PSYoungGen      total 140288K, used 0K [0x00000000d5580000, 0x00000000ded80000, 0x0000000100000000)
  eden space 131072K, 0% used [0x00000000d5580000,0x00000000d5580000,0x00000000dd580000)
  from space 9216K, 0% used [0x00000000de080000,0x00000000de080000,0x00000000de980000)
  to   space 11264K, 0% used [0x00000000dd580000,0x00000000dd580000,0x00000000de080000)
 ParOldGen       total 55808K, used 13620K [0x0000000080000000, 0x0000000083680000, 0x00000000d5580000)
  object space 55808K, 24% used [0x0000000080000000,0x0000000080d4d2c8,0x0000000083680000)
 Metaspace       used 20912K, capacity 21166K, committed 21296K, reserved 1069056K
  class space    used 2316K, capacity 2408K, committed 2432K, reserved 1048576K
}
Event: 14.878 GC heap before
{Heap before GC invocations=8 (full 1):
 PSYoungGen      total 140288K, used 131072K [0x00000000d5580000, 0x00000000ded80000, 0x0000000100000000)
  eden space 131072K, 100% used [0x00000000d5580000,0x00000000dd580000,0x00000000dd580000)
  from space 9216K, 0% used [0x00000000de080000,0x00000000de080000,0x00000000de980000)
  to   space 11264K, 0% used [0x00000000dd580000,0x00000000dd580000,0x00000000de080000)
 ParOldGen       total 55808K, used 13620K [0x0000000080000000, 0x0000000083680000, 0x00000000d5580000)
  object space 55808K, 24% used [0x0000000080000000,0x0000000080d4d2c8,0x0000000083680000)
 Metaspace       used 24213K, capacity 24668K, committed 24832K, reserved 1071104K
  class space    used 2800K, capacity 2945K, committed 3072K, reserved 1048576K
Event: 14.885 GC heap after
Heap after GC invocations=8 (full 1):
 PSYoungGen      total 142336K, used 6535K [0x00000000d5580000, 0x00000000e5380000, 0x0000000100000000)
  eden space 131072K, 0% used [0x00000000d5580000,0x00000000d5580000,0x00000000dd580000)
  from space 11264K, 58% used [0x00000000dd580000,0x00000000ddbe1f88,0x00000000de080000)
  to   space 10752K, 0% used [0x00000000e4900000,0x00000000e4900000,0x00000000e5380000)
 ParOldGen       total 55808K, used 13628K [0x0000000080000000, 0x0000000083680000, 0x00000000d5580000)
  object space 55808K, 24% used [0x0000000080000000,0x0000000080d4f2c8,0x0000000083680000)
 Metaspace       used 24213K, capacity 24668K, committed 24832K, reserved 1071104K
  class space    used 2800K, capacity 2945K, committed 3072K, reserved 1048576K
}

