# JRE version: Java(TM) SE Runtime Environment (8.0_181-b13) (build 1.8.0_181-b13)
# Java VM: Java HotSpot(TM) 64-Bit Server VM (25.181-b13 mixed mode windows-amd64 compressed oops)
Heap:
 PSYoungGen      total 152064K, used 16397K [0x00000000d5580000, 0x00000000e0400000, 0x0000000100000000)
  eden space 138752K, 11% used [0x00000000d5580000,0x00000000d6583468,0x00000000ddd00000)
  from space 13312K, 0% used [0x00000000deb80000,0x00000000deb80000,0x00000000df880000)
  to   space 14848K, 0% used [0x00000000ddd00000,0x00000000ddd00000,0x00000000deb80000)
 ParOldGen       total 107008K, used 25013K [0x0000000080000000, 0x0000000086880000, 0x00000000d5580000)
  object space 107008K, 23% used [0x0000000080000000,0x000000008186d430,0x0000000086880000)
 Metaspace       used 35512K, capacity 36688K, committed 36904K, reserved 1081344K
  class space    used 4276K, capacity 4641K, committed 4648K, reserved 1048576K
GC Heap History (10 events):
Event: 38.104 GC heap before
{Heap before GC invocations=10 (full 1):
 PSYoungGen      total 95232K, used 95200K [0x00000000d5580000, 0x00000000de380000, 0x0000000100000000)
  eden space 93696K, 100% used [0x00000000d5580000,0x00000000db100000,0x00000000db100000)
  from space 1536K, 97% used [0x00000000de200000,0x00000000de378000,0x00000000de380000)
  to   space 11264K, 0% used [0x00000000dcd80000,0x00000000dcd80000,0x00000000dd880000)
 ParOldGen       total 69120K, used 13691K [0x0000000080000000, 0x0000000084380000, 0x00000000d5580000)
  object space 69120K, 19% used [0x0000000080000000,0x0000000080d5ecc8,0x0000000084380000)
 Metaspace       used 28491K, capacity 29410K, committed 29568K, reserved 1075200K
  class space    used 3426K, capacity 3675K, committed 3712K, reserved 1048576K
Event: 38.116 GC heap after
Heap after GC invocations=10 (full 1):
 PSYoungGen      total 123904K, used 10580K [0x00000000d5580000, 0x00000000de280000, 0x0000000100000000)
  eden space 113152K, 0% used [0x00000000d5580000,0x00000000d5580000,0x00000000dc400000)
  from space 10752K, 98% used [0x00000000dcd80000,0x00000000dd7d51d8,0x00000000dd800000)
  to   space 10752K, 0% used [0x00000000dd800000,0x00000000dd800000,0x00000000de280000)
 ParOldGen       total 69120K, used 13699K [0x0000000080000000, 0x0000000084380000, 0x00000000d5580000)
  object space 69120K, 19% used [0x0000000080000000,0x0000000080d60cc8,0x0000000084380000)
 Metaspace       used 28491K, capacity 29410K, committed 29568K, reserved 1075200K
  class space    used 3426K, capacity 3675K, committed 3712K, reserved 1048576K
}
Event: 46.906 GC heap before
{Heap before GC invocations=11 (full 1):
 PSYoungGen      total 123904K, used 123732K [0x00000000d5580000, 0x00000000de280000, 0x0000000100000000)
  eden space 113152K, 100% used [0x00000000d5580000,0x00000000dc400000,0x00000000dc400000)
  from space 10752K, 98% used [0x00000000dcd80000,0x00000000dd7d51d8,0x00000000dd800000)
  to   space 10752K, 0% used [0x00000000dd800000,0x00000000dd800000,0x00000000de280000)
 ParOldGen       total 69120K, used 13699K [0x0000000080000000, 0x0000000084380000, 0x00000000d5580000)
  object space 69120K, 19% used [0x0000000080000000,0x0000000080d60cc8,0x0000000084380000)
 Metaspace       used 29693K, capacity 30818K, committed 31104K, reserved 1077248K
  class space    used 3569K, capacity 3905K, committed 3968K, reserved 1048576K
Event: 46.932 GC heap after
Heap after GC invocations=11 (full 1):
 PSYoungGen      total 132096K, used 7930K [0x00000000d5580000, 0x00000000df080000, 0x0000000100000000)
  eden space 121344K, 0% used [0x00000000d5580000,0x00000000d5580000,0x00000000dcc00000)
  from space 10752K, 73% used [0x00000000dd800000,0x00000000ddfbea20,0x00000000de280000)
  to   space 12288K, 0% used [0x00000000dcc00000,0x00000000dcc00000,0x00000000dd800000)
 ParOldGen       total 69120K, used 13707K [0x0000000080000000, 0x0000000084380000, 0x00000000d5580000)
  object space 69120K, 19% used [0x0000000080000000,0x0000000080d62cc8,0x0000000084380000)
 Metaspace       used 29693K, capacity 30818K, committed 31104K, reserved 1077248K
  class space    used 3569K, capacity 3905K, committed 3968K, reserved 1048576K
}
Event: 54.641 GC heap before
{Heap before GC invocations=12 (full 1):
 PSYoungGen      total 132096K, used 129274K [0x00000000d5580000, 0x00000000df080000, 0x0000000100000000)
  eden space 121344K, 100% used [0x00000000d5580000,0x00000000dcc00000,0x00000000dcc00000)
  from space 10752K, 73% used [0x00000000dd800000,0x00000000ddfbea20,0x00000000de280000)
  to   space 12288K, 0% used [0x00000000dcc00000,0x00000000dcc00000,0x00000000dd800000)
 ParOldGen       total 69120K, used 13707K [0x0000000080000000, 0x0000000084380000, 0x00000000d5580000)
  object space 69120K, 19% used [0x0000000080000000,0x0000000080d62cc8,0x0000000084380000)
 Metaspace       used 31945K, capacity 33232K, committed 33408K, reserved 1079296K
  class space    used 3781K, capacity 4155K, committed 4224K, reserved 1048576K
Event: 54.650 GC heap after
Heap after GC invocations=12 (full 1):
 PSYoungGen      total 133632K, used 11049K [0x00000000d5580000, 0x00000000df880000, 0x0000000100000000)
  eden space 121344K, 0% used [0x00000000d5580000,0x00000000d5580000,0x00000000dcc00000)
  from space 12288K, 89% used [0x00000000dcc00000,0x00000000dd6ca530,0x00000000dd800000)
  to   space 13312K, 0% used [0x00000000deb80000,0x00000000deb80000,0x00000000df880000)
 ParOldGen       total 69120K, used 13715K [0x0000000080000000, 0x0000000084380000, 0x00000000d5580000)
  object space 69120K, 19% used [0x0000000080000000,0x0000000080d64cc8,0x0000000084380000)
 Metaspace       used 31945K, capacity 33232K, committed 33408K, reserved 1079296K
  class space    used 3781K, capacity 4155K, committed 4224K, reserved 1048576K
}
Event: 55.140 GC heap before
{Heap before GC invocations=13 (full 1):
 PSYoungGen      total 133632K, used 44508K [0x00000000d5580000, 0x00000000df880000, 0x0000000100000000)
  eden space 121344K, 27% used [0x00000000d5580000,0x00000000d762cd80,0x00000000dcc00000)
  from space 12288K, 89% used [0x00000000dcc00000,0x00000000dd6ca530,0x00000000dd800000)
  to   space 13312K, 0% used [0x00000000deb80000,0x00000000deb80000,0x00000000df880000)
 ParOldGen       total 69120K, used 13715K [0x0000000080000000, 0x0000000084380000, 0x00000000d5580000)
  object space 69120K, 19% used [0x0000000080000000,0x0000000080d64cc8,0x0000000084380000)
 Metaspace       used 34202K, capacity 35454K, committed 35496K, reserved 1081344K
  class space    used 4121K, capacity 4510K, committed 4520K, reserved 1048576K
Event: 55.152 GC heap after
Heap after GC invocations=13 (full 1):
 PSYoungGen      total 152064K, used 12715K [0x00000000d5580000, 0x00000000e0400000, 0x0000000100000000)
  eden space 138752K, 0% used [0x00000000d5580000,0x00000000d5580000,0x00000000ddd00000)
  from space 13312K, 95% used [0x00000000deb80000,0x00000000df7eafa0,0x00000000df880000)
  to   space 14848K, 0% used [0x00000000ddd00000,0x00000000ddd00000,0x00000000deb80000)
 ParOldGen       total 69120K, used 13723K [0x0000000080000000, 0x0000000084380000, 0x00000000d5580000)
  object space 69120K, 19% used [0x0000000080000000,0x0000000080d66cc8,0x0000000084380000)
 Metaspace       used 34202K, capacity 35454K, committed 35496K, reserved 1081344K
  class space    used 4121K, capacity 4510K, committed 4520K, reserved 1048576K
}
Event: 55.152 GC heap before
{Heap before GC invocations=14 (full 2):
 PSYoungGen      total 152064K, used 12715K [0x00000000d5580000, 0x00000000e0400000, 0x0000000100000000)
  eden space 138752K, 0% used [0x00000000d5580000,0x00000000d5580000,0x00000000ddd00000)
  from space 13312K, 95% used [0x00000000deb80000,0x00000000df7eafa0,0x00000000df880000)
  to   space 14848K, 0% used [0x00000000ddd00000,0x00000000ddd00000,0x00000000deb80000)
 ParOldGen       total 69120K, used 13723K [0x0000000080000000, 0x0000000084380000, 0x00000000d5580000)
  object space 69120K, 19% used [0x0000000080000000,0x0000000080d66cc8,0x0000000084380000)
 Metaspace       used 34202K, capacity 35454K, committed 35496K, reserved 1081344K
  class space    used 4121K, capacity 4510K, committed 4520K, reserved 1048576K
Event: 55.382 GC heap after
Heap after GC invocations=14 (full 2):
 PSYoungGen      total 152064K, used 0K [0x00000000d5580000, 0x00000000e0400000, 0x0000000100000000)
  eden space 138752K, 0% used [0x00000000d5580000,0x00000000d5580000,0x00000000ddd00000)
  from space 13312K, 0% used [0x00000000deb80000,0x00000000deb80000,0x00000000df880000)
  to   space 14848K, 0% used [0x00000000ddd00000,0x00000000ddd00000,0x00000000deb80000)
 ParOldGen       total 107008K, used 25013K [0x0000000080000000, 0x0000000086880000, 0x00000000d5580000)
  object space 107008K, 23% used [0x0000000080000000,0x000000008186d430,0x0000000086880000)
 Metaspace       used 34202K, capacity 35454K, committed 35496K, reserved 1081344K
  class space    used 4121K, capacity 4510K, committed 4520K, reserved 1048576K
}

