# JRE version: Java(TM) SE Runtime Environment (8.0_181-b13) (build 1.8.0_181-b13)
# Java VM: Java HotSpot(TM) 64-Bit Server VM (25.181-b13 mixed mode windows-amd64 compressed oops)
Heap:
 PSYoungGen      total 75264K, used 48633K [0x00000000d5580000, 0x00000000da780000, 0x0000000100000000)
  eden space 66560K, 64% used [0x00000000d5580000,0x00000000d7f27518,0x00000000d9680000)
  from space 8704K, 68% used [0x00000000d9f00000,0x00000000da4d7180,0x00000000da780000)
  to   space 8704K, 0% used [0x00000000d9680000,0x00000000d9680000,0x00000000d9f00000)
 ParOldGen       total 87552K, used 5692K [0x0000000080000000, 0x0000000085580000, 0x00000000d5580000)
  object space 87552K, 6% used [0x0000000080000000,0x000000008058f2a0,0x0000000085580000)
 Metaspace       used 20513K, capacity 20814K, committed 21120K, reserved 1069056K
  class space    used 2281K, capacity 2376K, committed 2432K, reserved 1048576K
GC Heap History (10 events):
Event: 5.004 GC heap before
{Heap before GC invocations=2 (full 0):
 PSYoungGen      total 38400K, used 38219K [0x00000000d5580000, 0x00000000d8000000, 0x0000000100000000)
  eden space 33280K, 100% used [0x00000000d5580000,0x00000000d7600000,0x00000000d7600000)
  from space 5120K, 96% used [0x00000000d7600000,0x00000000d7ad2f28,0x00000000d7b00000)
  to   space 5120K, 0% used [0x00000000d7b00000,0x00000000d7b00000,0x00000000d8000000)
 ParOldGen       total 87552K, used 8K [0x0000000080000000, 0x0000000085580000, 0x00000000d5580000)
  object space 87552K, 0% used [0x0000000080000000,0x0000000080002000,0x0000000085580000)
 Metaspace       used 10017K, capacity 10086K, committed 10496K, reserved 1058816K
  class space    used 1130K, capacity 1169K, committed 1280K, reserved 1048576K
Event: 5.011 GC heap after
Heap after GC invocations=2 (full 0):
 PSYoungGen      total 38400K, used 5105K [0x00000000d5580000, 0x00000000d8000000, 0x0000000100000000)
  eden space 33280K, 0% used [0x00000000d5580000,0x00000000d5580000,0x00000000d7600000)
  from space 5120K, 99% used [0x00000000d7b00000,0x00000000d7ffc550,0x00000000d8000000)
  to   space 5120K, 0% used [0x00000000d7600000,0x00000000d7600000,0x00000000d7b00000)
 ParOldGen       total 87552K, used 113K [0x0000000080000000, 0x0000000085580000, 0x00000000d5580000)
  object space 87552K, 0% used [0x0000000080000000,0x000000008001c640,0x0000000085580000)
 Metaspace       used 10017K, capacity 10086K, committed 10496K, reserved 1058816K
  class space    used 1130K, capacity 1169K, committed 1280K, reserved 1048576K
}
Event: 5.991 GC heap before
{Heap before GC invocations=3 (full 0):
 PSYoungGen      total 38400K, used 38385K [0x00000000d5580000, 0x00000000d8000000, 0x0000000100000000)
  eden space 33280K, 100% used [0x00000000d5580000,0x00000000d7600000,0x00000000d7600000)
  from space 5120K, 99% used [0x00000000d7b00000,0x00000000d7ffc550,0x00000000d8000000)
  to   space 5120K, 0% used [0x00000000d7600000,0x00000000d7600000,0x00000000d7b00000)
 ParOldGen       total 87552K, used 113K [0x0000000080000000, 0x0000000085580000, 0x00000000d5580000)
  object space 87552K, 0% used [0x0000000080000000,0x000000008001c640,0x0000000085580000)
 Metaspace       used 11162K, capacity 11212K, committed 11520K, reserved 1058816K
  class space    used 1228K, capacity 1266K, committed 1280K, reserved 1048576K
Event: 5.997 GC heap after
Heap after GC invocations=3 (full 0):
 PSYoungGen      total 38400K, used 5111K [0x00000000d5580000, 0x00000000d8000000, 0x0000000100000000)
  eden space 33280K, 0% used [0x00000000d5580000,0x00000000d5580000,0x00000000d7600000)
  from space 5120K, 99% used [0x00000000d7600000,0x00000000d7afdc78,0x00000000d7b00000)
  to   space 5120K, 0% used [0x00000000d7b00000,0x00000000d7b00000,0x00000000d8000000)
 ParOldGen       total 87552K, used 367K [0x0000000080000000, 0x0000000085580000, 0x00000000d5580000)
  object space 87552K, 0% used [0x0000000080000000,0x000000008005bfb8,0x0000000085580000)
 Metaspace       used 11162K, capacity 11212K, committed 11520K, reserved 1058816K
  class space    used 1228K, capacity 1266K, committed 1280K, reserved 1048576K
}
Event: 8.093 GC heap before
{Heap before GC invocations=4 (full 0):
 PSYoungGen      total 38400K, used 38391K [0x00000000d5580000, 0x00000000d8000000, 0x0000000100000000)
  eden space 33280K, 100% used [0x00000000d5580000,0x00000000d7600000,0x00000000d7600000)
  from space 5120K, 99% used [0x00000000d7600000,0x00000000d7afdc78,0x00000000d7b00000)
  to   space 5120K, 0% used [0x00000000d7b00000,0x00000000d7b00000,0x00000000d8000000)
 ParOldGen       total 87552K, used 367K [0x0000000080000000, 0x0000000085580000, 0x00000000d5580000)
  object space 87552K, 0% used [0x0000000080000000,0x000000008005bfb8,0x0000000085580000)
 Metaspace       used 15769K, capacity 15984K, committed 16128K, reserved 1062912K
  class space    used 1706K, capacity 1773K, committed 1792K, reserved 1048576K
Event: 8.148 GC heap after
Heap after GC invocations=4 (full 0):
 PSYoungGen      total 38400K, used 5113K [0x00000000d5580000, 0x00000000da080000, 0x0000000100000000)
  eden space 33280K, 0% used [0x00000000d5580000,0x00000000d5580000,0x00000000d7600000)
  from space 5120K, 99% used [0x00000000d7b00000,0x00000000d7ffe780,0x00000000d8000000)
  to   space 5120K, 0% used [0x00000000d7600000,0x00000000d7600000,0x00000000d7b00000)
 ParOldGen       total 87552K, used 2794K [0x0000000080000000, 0x0000000085580000, 0x00000000d5580000)
  object space 87552K, 3% used [0x0000000080000000,0x00000000802bab00,0x0000000085580000)
 Metaspace       used 15769K, capacity 15984K, committed 16128K, reserved 1062912K
  class space    used 1706K, capacity 1773K, committed 1792K, reserved 1048576K
}
Event: 11.496 GC heap before
{Heap before GC invocations=5 (full 0):
 PSYoungGen      total 38400K, used 38393K [0x00000000d5580000, 0x00000000da080000, 0x0000000100000000)
  eden space 33280K, 100% used [0x00000000d5580000,0x00000000d7600000,0x00000000d7600000)
  from space 5120K, 99% used [0x00000000d7b00000,0x00000000d7ffe780,0x00000000d8000000)
  to   space 5120K, 0% used [0x00000000d7600000,0x00000000d7600000,0x00000000d7b00000)
 ParOldGen       total 87552K, used 2794K [0x0000000080000000, 0x0000000085580000, 0x00000000d5580000)
  object space 87552K, 3% used [0x0000000080000000,0x00000000802bab00,0x0000000085580000)
 Metaspace       used 18654K, capacity 18862K, committed 19200K, reserved 1067008K
  class space    used 2102K, capacity 2179K, committed 2304K, reserved 1048576K
Event: 12.049 GC heap after
Heap after GC invocations=5 (full 0):
 PSYoungGen      total 38400K, used 5097K [0x00000000d5580000, 0x00000000da780000, 0x0000000100000000)
  eden space 33280K, 0% used [0x00000000d5580000,0x00000000d5580000,0x00000000d7600000)
  from space 5120K, 99% used [0x00000000d7600000,0x00000000d7afa790,0x00000000d7b00000)
  to   space 8704K, 0% used [0x00000000d9f00000,0x00000000d9f00000,0x00000000da780000)
 ParOldGen       total 87552K, used 5684K [0x0000000080000000, 0x0000000085580000, 0x00000000d5580000)
  object space 87552K, 6% used [0x0000000080000000,0x000000008058d2a0,0x0000000085580000)
 Metaspace       used 18654K, capacity 18862K, committed 19200K, reserved 1067008K
  class space    used 2102K, capacity 2179K, committed 2304K, reserved 1048576K
}
Event: 14.503 GC heap before
{Heap before GC invocations=6 (full 0):
 PSYoungGen      total 38400K, used 38377K [0x00000000d5580000, 0x00000000da780000, 0x0000000100000000)
  eden space 33280K, 100% used [0x00000000d5580000,0x00000000d7600000,0x00000000d7600000)
  from space 5120K, 99% used [0x00000000d7600000,0x00000000d7afa790,0x00000000d7b00000)
  to   space 8704K, 0% used [0x00000000d9f00000,0x00000000d9f00000,0x00000000da780000)
 ParOldGen       total 87552K, used 5684K [0x0000000080000000, 0x0000000085580000, 0x00000000d5580000)
  object space 87552K, 6% used [0x0000000080000000,0x000000008058d2a0,0x0000000085580000)
 Metaspace       used 19021K, capacity 19246K, committed 19712K, reserved 1067008K
  class space    used 2111K, capacity 2179K, committed 2304K, reserved 1048576K
Event: 14.669 GC heap after
Heap after GC invocations=6 (full 0):
 PSYoungGen      total 75264K, used 5980K [0x00000000d5580000, 0x00000000da780000, 0x0000000100000000)
  eden space 66560K, 0% used [0x00000000d5580000,0x00000000d5580000,0x00000000d9680000)
  from space 8704K, 68% used [0x00000000d9f00000,0x00000000da4d7180,0x00000000da780000)
  to   space 8704K, 0% used [0x00000000d9680000,0x00000000d9680000,0x00000000d9f00000)
 ParOldGen       total 87552K, used 5692K [0x0000000080000000, 0x0000000085580000, 0x00000000d5580000)
  object space 87552K, 6% used [0x0000000080000000,0x000000008058f2a0,0x0000000085580000)
 Metaspace       used 19021K, capacity 19246K, committed 19712K, reserved 1067008K
  class space    used 2111K, capacity 2179K, committed 2304K, reserved 1048576K
}

