# JRE version: Java(TM) SE Runtime Environment (8.0_181-b13) (build 1.8.0_181-b13)
# Java VM: Java HotSpot(TM) 64-Bit Server VM (25.181-b13 mixed mode windows-amd64 compressed oops)
Heap:
 PSYoungGen      total 288768K, used 124002K [0x00000000d5580000, 0x00000000eda00000, 0x0000000100000000)
  eden space 274944K, 45% used [0x00000000d5580000,0x00000000dce98bc8,0x00000000e6200000)
  from space 13824K, 0% used [0x00000000e7100000,0x00000000e7100000,0x00000000e7e80000)
  to   space 15360K, 0% used [0x00000000e6200000,0x00000000e6200000,0x00000000e7100000)
 ParOldGen       total 107008K, used 25482K [0x0000000080000000, 0x0000000086880000, 0x00000000d5580000)
  object space 107008K, 23% used [0x0000000080000000,0x00000000818e2b58,0x0000000086880000)
 Metaspace       used 36105K, capacity 37436K, committed 37632K, reserved 1081344K
  class space    used 4324K, capacity 4751K, committed 4864K, reserved 1048576K
GC Heap History (10 events):
Event: 15.132 GC heap before
{Heap before GC invocations=6 (full 1):
 PSYoungGen      total 138240K, used 5105K [0x00000000d5580000, 0x00000000e7180000, 0x0000000100000000)
  eden space 133120K, 0% used [0x00000000d5580000,0x00000000d5580000,0x00000000dd780000)
  from space 5120K, 99% used [0x00000000dd780000,0x00000000ddc7c6d8,0x00000000ddc80000)
  to   space 12288K, 0% used [0x00000000e6580000,0x00000000e6580000,0x00000000e7180000)
 ParOldGen       total 87552K, used 12573K [0x0000000080000000, 0x0000000085580000, 0x00000000d5580000)
  object space 87552K, 14% used [0x0000000080000000,0x0000000080c477c0,0x0000000085580000)
 Metaspace       used 20916K, capacity 21202K, committed 21296K, reserved 1069056K
  class space    used 2329K, capacity 2417K, committed 2432K, reserved 1048576K
Event: 15.557 GC heap after
Heap after GC invocations=6 (full 1):
 PSYoungGen      total 138240K, used 0K [0x00000000d5580000, 0x00000000e7180000, 0x0000000100000000)
  eden space 133120K, 0% used [0x00000000d5580000,0x00000000d5580000,0x00000000dd780000)
  from space 5120K, 0% used [0x00000000dd780000,0x00000000dd780000,0x00000000ddc80000)
  to   space 12288K, 0% used [0x00000000e6580000,0x00000000e6580000,0x00000000e7180000)
 ParOldGen       total 73216K, used 15188K [0x0000000080000000, 0x0000000084780000, 0x00000000d5580000)
  object space 73216K, 20% used [0x0000000080000000,0x0000000080ed5088,0x0000000084780000)
 Metaspace       used 20916K, capacity 21202K, committed 21296K, reserved 1069056K
  class space    used 2329K, capacity 2417K, committed 2432K, reserved 1048576K
}
Event: 25.631 GC heap before
{Heap before GC invocations=7 (full 1):
 PSYoungGen      total 138240K, used 133120K [0x00000000d5580000, 0x00000000e7180000, 0x0000000100000000)
  eden space 133120K, 100% used [0x00000000d5580000,0x00000000dd780000,0x00000000dd780000)
  from space 5120K, 0% used [0x00000000dd780000,0x00000000dd780000,0x00000000ddc80000)
  to   space 12288K, 0% used [0x00000000e6580000,0x00000000e6580000,0x00000000e7180000)
 ParOldGen       total 73216K, used 15188K [0x0000000080000000, 0x0000000084780000, 0x00000000d5580000)
  object space 73216K, 20% used [0x0000000080000000,0x0000000080ed5088,0x0000000084780000)
 Metaspace       used 26737K, capacity 27588K, committed 27776K, reserved 1073152K
  class space    used 3201K, capacity 3445K, committed 3456K, reserved 1048576K
Event: 25.882 GC heap after
Heap after GC invocations=7 (full 1):
 PSYoungGen      total 205312K, used 8348K [0x00000000d5580000, 0x00000000e6e00000, 0x0000000100000000)
  eden space 196608K, 0% used [0x00000000d5580000,0x00000000d5580000,0x00000000e1580000)
  from space 8704K, 95% used [0x00000000e6580000,0x00000000e6da7178,0x00000000e6e00000)
  to   space 12288K, 0% used [0x00000000e5600000,0x00000000e5600000,0x00000000e6200000)
 ParOldGen       total 73216K, used 15196K [0x0000000080000000, 0x0000000084780000, 0x00000000d5580000)
  object space 73216K, 20% used [0x0000000080000000,0x0000000080ed7088,0x0000000084780000)
 Metaspace       used 26737K, capacity 27588K, committed 27776K, reserved 1073152K
  class space    used 3201K, capacity 3445K, committed 3456K, reserved 1048576K
}
Event: 59.206 GC heap before
{Heap before GC invocations=8 (full 1):
 PSYoungGen      total 205312K, used 204956K [0x00000000d5580000, 0x00000000e6e00000, 0x0000000100000000)
  eden space 196608K, 100% used [0x00000000d5580000,0x00000000e1580000,0x00000000e1580000)
  from space 8704K, 95% used [0x00000000e6580000,0x00000000e6da7178,0x00000000e6e00000)
  to   space 12288K, 0% used [0x00000000e5600000,0x00000000e5600000,0x00000000e6200000)
 ParOldGen       total 73216K, used 15196K [0x0000000080000000, 0x0000000084780000, 0x00000000d5580000)
  object space 73216K, 20% used [0x0000000080000000,0x0000000080ed7088,0x0000000084780000)
 Metaspace       used 31046K, capacity 32282K, committed 32640K, reserved 1077248K
  class space    used 3717K, capacity 4109K, committed 4224K, reserved 1048576K
Event: 59.218 GC heap after
Heap after GC invocations=8 (full 1):
 PSYoungGen      total 274944K, used 11830K [0x00000000d5580000, 0x00000000e7e80000, 0x0000000100000000)
  eden space 262656K, 0% used [0x00000000d5580000,0x00000000d5580000,0x00000000e5600000)
  from space 12288K, 96% used [0x00000000e5600000,0x00000000e618d9e0,0x00000000e6200000)
  to   space 13824K, 0% used [0x00000000e7100000,0x00000000e7100000,0x00000000e7e80000)
 ParOldGen       total 73216K, used 15204K [0x0000000080000000, 0x0000000084780000, 0x00000000d5580000)
  object space 73216K, 20% used [0x0000000080000000,0x0000000080ed9088,0x0000000084780000)
 Metaspace       used 31046K, capacity 32282K, committed 32640K, reserved 1077248K
  class space    used 3717K, capacity 4109K, committed 4224K, reserved 1048576K
}
Event: 59.996 GC heap before
{Heap before GC invocations=9 (full 1):
 PSYoungGen      total 274944K, used 53077K [0x00000000d5580000, 0x00000000e7e80000, 0x0000000100000000)
  eden space 262656K, 15% used [0x00000000d5580000,0x00000000d7dc7a58,0x00000000e5600000)
  from space 12288K, 96% used [0x00000000e5600000,0x00000000e618d9e0,0x00000000e6200000)
  to   space 13824K, 0% used [0x00000000e7100000,0x00000000e7100000,0x00000000e7e80000)
 ParOldGen       total 73216K, used 15204K [0x0000000080000000, 0x0000000084780000, 0x00000000d5580000)
  object space 73216K, 20% used [0x0000000080000000,0x0000000080ed9088,0x0000000084780000)
 Metaspace       used 34086K, capacity 35304K, committed 35496K, reserved 1081344K
  class space    used 4122K, capacity 4496K, committed 4608K, reserved 1048576K
Event: 60.010 GC heap after
Heap after GC invocations=9 (full 1):
 PSYoungGen      total 288768K, used 13421K [0x00000000d5580000, 0x00000000eda00000, 0x0000000100000000)
  eden space 274944K, 0% used [0x00000000d5580000,0x00000000d5580000,0x00000000e6200000)
  from space 13824K, 97% used [0x00000000e7100000,0x00000000e7e1b610,0x00000000e7e80000)
  to   space 15360K, 0% used [0x00000000e6200000,0x00000000e6200000,0x00000000e7100000)
 ParOldGen       total 73216K, used 15212K [0x0000000080000000, 0x0000000084780000, 0x00000000d5580000)
  object space 73216K, 20% used [0x0000000080000000,0x0000000080edb088,0x0000000084780000)
 Metaspace       used 34086K, capacity 35304K, committed 35496K, reserved 1081344K
  class space    used 4122K, capacity 4496K, committed 4608K, reserved 1048576K
}
Event: 60.010 GC heap before
{Heap before GC invocations=10 (full 2):
 PSYoungGen      total 288768K, used 13421K [0x00000000d5580000, 0x00000000eda00000, 0x0000000100000000)
  eden space 274944K, 0% used [0x00000000d5580000,0x00000000d5580000,0x00000000e6200000)
  from space 13824K, 97% used [0x00000000e7100000,0x00000000e7e1b610,0x00000000e7e80000)
  to   space 15360K, 0% used [0x00000000e6200000,0x00000000e6200000,0x00000000e7100000)
 ParOldGen       total 73216K, used 15212K [0x0000000080000000, 0x0000000084780000, 0x00000000d5580000)
  object space 73216K, 20% used [0x0000000080000000,0x0000000080edb088,0x0000000084780000)
 Metaspace       used 34086K, capacity 35304K, committed 35496K, reserved 1081344K
  class space    used 4122K, capacity 4496K, committed 4608K, reserved 1048576K
Event: 60.186 GC heap after
Heap after GC invocations=10 (full 2):
 PSYoungGen      total 288768K, used 0K [0x00000000d5580000, 0x00000000eda00000, 0x0000000100000000)
  eden space 274944K, 0% used [0x00000000d5580000,0x00000000d5580000,0x00000000e6200000)
  from space 13824K, 0% used [0x00000000e7100000,0x00000000e7100000,0x00000000e7e80000)
  to   space 15360K, 0% used [0x00000000e6200000,0x00000000e6200000,0x00000000e7100000)
 ParOldGen       total 107008K, used 25482K [0x0000000080000000, 0x0000000086880000, 0x00000000d5580000)
  object space 107008K, 23% used [0x0000000080000000,0x00000000818e2b58,0x0000000086880000)
 Metaspace       used 34086K, capacity 35304K, committed 35496K, reserved 1081344K
  class space    used 4122K, capacity 4496K, committed 4608K, reserved 1048576K
}

