# JRE version: Java(TM) SE Runtime Environment (8.0_181-b13) (build 1.8.0_181-b13)
# Java VM: Java HotSpot(TM) 64-Bit Server VM (25.181-b13 mixed mode windows-amd64 compressed oops)
Heap:
 PSYoungGen      total 269312K, used 0K [0x00000000d5580000, 0x00000000e6c80000, 0x0000000100000000)
  eden space 252928K, 0% used [0x00000000d5580000,0x00000000d5580000,0x00000000e4c80000)
  from space 16384K, 0% used [0x00000000e5c80000,0x00000000e5c80000,0x00000000e6c80000)
  to   space 512K, 0% used [0x00000000e5600000,0x00000000e5600000,0x00000000e5680000)
 ParOldGen       total 62464K, used 22249K [0x0000000080000000, 0x0000000083d00000, 0x00000000d5580000)
  object space 62464K, 35% used [0x0000000080000000,0x00000000815ba718,0x0000000083d00000)
 Metaspace       used 34576K, capacity 35672K, committed 35840K, reserved 1089536K
  class space    used 4150K, capacity 4500K, committed 4608K, reserved 1048576K
GC Heap History (10 events):
Event: 13.830 GC heap before
{Heap before GC invocations=5 (full 0):
 PSYoungGen      total 138240K, used 69488K [0x00000000d5580000, 0x00000000de180000, 0x0000000100000000)
  eden space 133120K, 48% used [0x00000000d5580000,0x00000000d9461c70,0x00000000dd780000)
  from space 5120K, 99% used [0x00000000ddc80000,0x00000000de17a780,0x00000000de180000)
  to   space 5120K, 0% used [0x00000000dd780000,0x00000000dd780000,0x00000000ddc80000)
 ParOldGen       total 87552K, used 6494K [0x0000000080000000, 0x0000000085580000, 0x00000000d5580000)
  object space 87552K, 7% used [0x0000000080000000,0x0000000080657990,0x0000000085580000)
 Metaspace       used 20973K, capacity 21218K, committed 21296K, reserved 1069056K
  class space    used 2320K, capacity 2417K, committed 2432K, reserved 1048576K
Event: 13.846 GC heap after
Heap after GC invocations=5 (full 0):
 PSYoungGen      total 138240K, used 5105K [0x00000000d5580000, 0x00000000e7180000, 0x0000000100000000)
  eden space 133120K, 0% used [0x00000000d5580000,0x00000000d5580000,0x00000000dd780000)
  from space 5120K, 99% used [0x00000000dd780000,0x00000000ddc7c6f8,0x00000000ddc80000)
  to   space 12288K, 0% used [0x00000000e6580000,0x00000000e6580000,0x00000000e7180000)
 ParOldGen       total 87552K, used 12677K [0x0000000080000000, 0x0000000085580000, 0x00000000d5580000)
  object space 87552K, 14% used [0x0000000080000000,0x0000000080c61608,0x0000000085580000)
 Metaspace       used 20973K, capacity 21218K, committed 21296K, reserved 1069056K
  class space    used 2320K, capacity 2417K, committed 2432K, reserved 1048576K
}
Event: 13.846 GC heap before
{Heap before GC invocations=6 (full 1):
 PSYoungGen      total 138240K, used 5105K [0x00000000d5580000, 0x00000000e7180000, 0x0000000100000000)
  eden space 133120K, 0% used [0x00000000d5580000,0x00000000d5580000,0x00000000dd780000)
  from space 5120K, 99% used [0x00000000dd780000,0x00000000ddc7c6f8,0x00000000ddc80000)
  to   space 12288K, 0% used [0x00000000e6580000,0x00000000e6580000,0x00000000e7180000)
 ParOldGen       total 87552K, used 12677K [0x0000000080000000, 0x0000000085580000, 0x00000000d5580000)
  object space 87552K, 14% used [0x0000000080000000,0x0000000080c61608,0x0000000085580000)
 Metaspace       used 20973K, capacity 21218K, committed 21296K, reserved 1069056K
  class space    used 2320K, capacity 2417K, committed 2432K, reserved 1048576K
Event: 13.918 GC heap after
Heap after GC invocations=6 (full 1):
 PSYoungGen      total 138240K, used 0K [0x00000000d5580000, 0x00000000e7180000, 0x0000000100000000)
  eden space 133120K, 0% used [0x00000000d5580000,0x00000000d5580000,0x00000000dd780000)
  from space 5120K, 0% used [0x00000000dd780000,0x00000000dd780000,0x00000000ddc80000)
  to   space 12288K, 0% used [0x00000000e6580000,0x00000000e6580000,0x00000000e7180000)
 ParOldGen       total 62464K, used 15316K [0x0000000080000000, 0x0000000083d00000, 0x00000000d5580000)
  object space 62464K, 24% used [0x0000000080000000,0x0000000080ef5300,0x0000000083d00000)
 Metaspace       used 20973K, capacity 21218K, committed 21296K, reserved 1069056K
  class space    used 2320K, capacity 2417K, committed 2432K, reserved 1048576K
}
Event: 18.655 GC heap before
{Heap before GC invocations=7 (full 1):
 PSYoungGen      total 138240K, used 133120K [0x00000000d5580000, 0x00000000e7180000, 0x0000000100000000)
  eden space 133120K, 100% used [0x00000000d5580000,0x00000000dd780000,0x00000000dd780000)
  from space 5120K, 0% used [0x00000000dd780000,0x00000000dd780000,0x00000000ddc80000)
  to   space 12288K, 0% used [0x00000000e6580000,0x00000000e6580000,0x00000000e7180000)
 ParOldGen       total 62464K, used 15316K [0x0000000080000000, 0x0000000083d00000, 0x00000000d5580000)
  object space 62464K, 24% used [0x0000000080000000,0x0000000080ef5300,0x0000000083d00000)
 Metaspace       used 26533K, capacity 27314K, committed 27392K, reserved 1073152K
  class space    used 3118K, capacity 3306K, committed 3328K, reserved 1048576K
Event: 18.669 GC heap after
Heap after GC invocations=7 (full 1):
 PSYoungGen      total 243712K, used 8442K [0x00000000d5580000, 0x00000000e6e00000, 0x0000000100000000)
  eden space 235008K, 0% used [0x00000000d5580000,0x00000000d5580000,0x00000000e3b00000)
  from space 8704K, 97% used [0x00000000e6580000,0x00000000e6dbebd0,0x00000000e6e00000)
  to   space 12288K, 0% used [0x00000000e5600000,0x00000000e5600000,0x00000000e6200000)
 ParOldGen       total 62464K, used 15324K [0x0000000080000000, 0x0000000083d00000, 0x00000000d5580000)
  object space 62464K, 24% used [0x0000000080000000,0x0000000080ef7300,0x0000000083d00000)
 Metaspace       used 26533K, capacity 27314K, committed 27392K, reserved 1073152K
  class space    used 3118K, capacity 3306K, committed 3328K, reserved 1048576K
}
Event: 45.063 GC heap before
{Heap before GC invocations=8 (full 1):
 PSYoungGen      total 243712K, used 153236K [0x00000000d5580000, 0x00000000e6e00000, 0x0000000100000000)
  eden space 235008K, 61% used [0x00000000d5580000,0x00000000de2e6478,0x00000000e3b00000)
  from space 8704K, 97% used [0x00000000e6580000,0x00000000e6dbebd0,0x00000000e6e00000)
  to   space 12288K, 0% used [0x00000000e5600000,0x00000000e5600000,0x00000000e6200000)
 ParOldGen       total 62464K, used 15324K [0x0000000080000000, 0x0000000083d00000, 0x00000000d5580000)
  object space 62464K, 24% used [0x0000000080000000,0x0000000080ef7300,0x0000000083d00000)
 Metaspace       used 33203K, capacity 34346K, committed 34560K, reserved 1081344K
  class space    used 3970K, capacity 4337K, committed 4352K, reserved 1048576K
Event: 45.080 GC heap after
Heap after GC invocations=8 (full 1):
 PSYoungGen      total 247296K, used 12284K [0x00000000d5580000, 0x00000000e6e00000, 0x0000000100000000)
  eden space 235008K, 0% used [0x00000000d5580000,0x00000000d5580000,0x00000000e3b00000)
  from space 12288K, 99% used [0x00000000e5600000,0x00000000e61ff288,0x00000000e6200000)
  to   space 8704K, 0% used [0x00000000e6580000,0x00000000e6580000,0x00000000e6e00000)
 ParOldGen       total 62464K, used 17524K [0x0000000080000000, 0x0000000083d00000, 0x00000000d5580000)
  object space 62464K, 28% used [0x0000000080000000,0x000000008111d180,0x0000000083d00000)
 Metaspace       used 33203K, capacity 34346K, committed 34560K, reserved 1081344K
  class space    used 3970K, capacity 4337K, committed 4352K, reserved 1048576K
}
Event: 45.080 GC heap before
{Heap before GC invocations=9 (full 2):
 PSYoungGen      total 247296K, used 12284K [0x00000000d5580000, 0x00000000e6e00000, 0x0000000100000000)
  eden space 235008K, 0% used [0x00000000d5580000,0x00000000d5580000,0x00000000e3b00000)
  from space 12288K, 99% used [0x00000000e5600000,0x00000000e61ff288,0x00000000e6200000)
  to   space 8704K, 0% used [0x00000000e6580000,0x00000000e6580000,0x00000000e6e00000)
 ParOldGen       total 62464K, used 17524K [0x0000000080000000, 0x0000000083d00000, 0x00000000d5580000)
  object space 62464K, 28% used [0x0000000080000000,0x000000008111d180,0x0000000083d00000)
 Metaspace       used 33203K, capacity 34346K, committed 34560K, reserved 1081344K
  class space    used 3970K, capacity 4337K, committed 4352K, reserved 1048576K
Event: 45.241 GC heap after
Heap after GC invocations=9 (full 2):
 PSYoungGen      total 247296K, used 0K [0x00000000d5580000, 0x00000000e6e00000, 0x0000000100000000)
  eden space 235008K, 0% used [0x00000000d5580000,0x00000000d5580000,0x00000000e3b00000)
  from space 12288K, 0% used [0x00000000e5600000,0x00000000e5600000,0x00000000e6200000)
  to   space 8704K, 0% used [0x00000000e6580000,0x00000000e6580000,0x00000000e6e00000)
 ParOldGen       total 62464K, used 26665K [0x0000000080000000, 0x0000000083d00000, 0x00000000d5580000)
  object space 62464K, 42% used [0x0000000080000000,0x0000000081a0a648,0x0000000083d00000)
 Metaspace       used 33203K, capacity 34346K, committed 34560K, reserved 1081344K
  class space    used 3970K, capacity 4337K, committed 4352K, reserved 1048576K
}

