# JRE version: Java(TM) SE Runtime Environment (8.0_181-b13) (build 1.8.0_181-b13)
# Java VM: Java HotSpot(TM) 64-Bit Server VM (25.181-b13 mixed mode windows-amd64 compressed oops)
Heap:
 PSYoungGen      total 235008K, used 73454K [0x00000000d5580000, 0x00000000e9680000, 0x0000000100000000)
  eden space 223232K, 32% used [0x00000000d5580000,0x00000000d9d3bb60,0x00000000e2f80000)
  from space 11776K, 0% used [0x00000000e2f80000,0x00000000e2f80000,0x00000000e3b00000)
  to   space 14336K, 0% used [0x00000000e8880000,0x00000000e8880000,0x00000000e9680000)
 ParOldGen       total 83968K, used 26371K [0x0000000080000000, 0x0000000085200000, 0x00000000d5580000)
  object space 83968K, 31% used [0x0000000080000000,0x00000000819c0c18,0x0000000085200000)
 Metaspace       used 35740K, capacity 36952K, committed 37160K, reserved 1081344K
  class space    used 4285K, capacity 4675K, committed 4736K, reserved 1048576K
GC Heap History (10 events):
Event: 14.124 GC heap before
{Heap before GC invocations=7 (full 1):
 PSYoungGen      total 140288K, used 9193K [0x00000000d5580000, 0x00000000ded80000, 0x0000000100000000)
  eden space 131072K, 0% used [0x00000000d5580000,0x00000000d5580000,0x00000000dd580000)
  from space 9216K, 99% used [0x00000000de080000,0x00000000de97a748,0x00000000de980000)
  to   space 11264K, 0% used [0x00000000dd580000,0x00000000dd580000,0x00000000de080000)
 ParOldGen       total 87552K, used 7804K [0x0000000080000000, 0x0000000085580000, 0x00000000d5580000)
  object space 87552K, 8% used [0x0000000080000000,0x000000008079f3c0,0x0000000085580000)
 Metaspace       used 20981K, capacity 21238K, committed 21296K, reserved 1069056K
  class space    used 2338K, capacity 2427K, committed 2432K, reserved 1048576K
Event: 14.243 GC heap after
Heap after GC invocations=7 (full 1):
 PSYoungGen      total 140288K, used 0K [0x00000000d5580000, 0x00000000ded80000, 0x0000000100000000)
  eden space 131072K, 0% used [0x00000000d5580000,0x00000000d5580000,0x00000000dd580000)
  from space 9216K, 0% used [0x00000000de080000,0x00000000de080000,0x00000000de980000)
  to   space 11264K, 0% used [0x00000000dd580000,0x00000000dd580000,0x00000000de080000)
 ParOldGen       total 58368K, used 13669K [0x0000000080000000, 0x0000000083900000, 0x00000000d5580000)
  object space 58368K, 23% used [0x0000000080000000,0x0000000080d595a0,0x0000000083900000)
 Metaspace       used 20981K, capacity 21238K, committed 21296K, reserved 1069056K
  class space    used 2338K, capacity 2427K, committed 2432K, reserved 1048576K
}
Event: 28.926 GC heap before
{Heap before GC invocations=8 (full 1):
 PSYoungGen      total 140288K, used 131072K [0x00000000d5580000, 0x00000000ded80000, 0x0000000100000000)
  eden space 131072K, 100% used [0x00000000d5580000,0x00000000dd580000,0x00000000dd580000)
  from space 9216K, 0% used [0x00000000de080000,0x00000000de080000,0x00000000de980000)
  to   space 11264K, 0% used [0x00000000dd580000,0x00000000dd580000,0x00000000de080000)
 ParOldGen       total 58368K, used 13669K [0x0000000080000000, 0x0000000083900000, 0x00000000d5580000)
  object space 58368K, 23% used [0x0000000080000000,0x0000000080d595a0,0x0000000083900000)
 Metaspace       used 26639K, capacity 27454K, committed 27520K, reserved 1073152K
  class space    used 3172K, capacity 3414K, committed 3456K, reserved 1048576K
Event: 28.946 GC heap after
Heap after GC invocations=8 (full 1):
 PSYoungGen      total 142336K, used 8344K [0x00000000d5580000, 0x00000000e4880000, 0x0000000100000000)
  eden space 131072K, 0% used [0x00000000d5580000,0x00000000d5580000,0x00000000dd580000)
  from space 11264K, 74% used [0x00000000dd580000,0x00000000ddda6268,0x00000000de080000)
  to   space 11264K, 0% used [0x00000000e3d80000,0x00000000e3d80000,0x00000000e4880000)
 ParOldGen       total 58368K, used 13677K [0x0000000080000000, 0x0000000083900000, 0x00000000d5580000)
  object space 58368K, 23% used [0x0000000080000000,0x0000000080d5b5a0,0x0000000083900000)
 Metaspace       used 26639K, capacity 27454K, committed 27520K, reserved 1073152K
  class space    used 3172K, capacity 3414K, committed 3456K, reserved 1048576K
}
Event: 55.096 GC heap before
{Heap before GC invocations=9 (full 1):
 PSYoungGen      total 142336K, used 139416K [0x00000000d5580000, 0x00000000e4880000, 0x0000000100000000)
  eden space 131072K, 100% used [0x00000000d5580000,0x00000000dd580000,0x00000000dd580000)
  from space 11264K, 74% used [0x00000000dd580000,0x00000000ddda6268,0x00000000de080000)
  to   space 11264K, 0% used [0x00000000e3d80000,0x00000000e3d80000,0x00000000e4880000)
 ParOldGen       total 58368K, used 13677K [0x0000000080000000, 0x0000000083900000, 0x00000000d5580000)
  object space 58368K, 23% used [0x0000000080000000,0x0000000080d5b5a0,0x0000000083900000)
 Metaspace       used 29502K, capacity 30610K, committed 30848K, reserved 1077248K
  class space    used 3548K, capacity 3877K, committed 3968K, reserved 1048576K
Event: 55.124 GC heap after
Heap after GC invocations=9 (full 1):
 PSYoungGen      total 228352K, used 9120K [0x00000000d5580000, 0x00000000e4680000, 0x0000000100000000)
  eden space 219136K, 0% used [0x00000000d5580000,0x00000000d5580000,0x00000000e2b80000)
  from space 9216K, 98% used [0x00000000e3d80000,0x00000000e4668118,0x00000000e4680000)
  to   space 11776K, 0% used [0x00000000e2f80000,0x00000000e2f80000,0x00000000e3b00000)
 ParOldGen       total 58368K, used 13685K [0x0000000080000000, 0x0000000083900000, 0x00000000d5580000)
  object space 58368K, 23% used [0x0000000080000000,0x0000000080d5d5a0,0x0000000083900000)
 Metaspace       used 29502K, capacity 30610K, committed 30848K, reserved 1077248K
  class space    used 3548K, capacity 3877K, committed 3968K, reserved 1048576K
}
Event: 61.437 GC heap before
{Heap before GC invocations=10 (full 1):
 PSYoungGen      total 228352K, used 99286K [0x00000000d5580000, 0x00000000e4680000, 0x0000000100000000)
  eden space 219136K, 41% used [0x00000000d5580000,0x00000000dad8d7f8,0x00000000e2b80000)
  from space 9216K, 98% used [0x00000000e3d80000,0x00000000e4668118,0x00000000e4680000)
  to   space 11776K, 0% used [0x00000000e2f80000,0x00000000e2f80000,0x00000000e3b00000)
 ParOldGen       total 58368K, used 13685K [0x0000000080000000, 0x0000000083900000, 0x00000000d5580000)
  object space 58368K, 23% used [0x0000000080000000,0x0000000080d5d5a0,0x0000000083900000)
 Metaspace       used 34062K, capacity 35278K, committed 35496K, reserved 1081344K
  class space    used 4106K, capacity 4490K, committed 4608K, reserved 1048576K
Event: 61.453 GC heap after
Heap after GC invocations=10 (full 1):
 PSYoungGen      total 235008K, used 11747K [0x00000000d5580000, 0x00000000e9680000, 0x0000000100000000)
  eden space 223232K, 0% used [0x00000000d5580000,0x00000000d5580000,0x00000000e2f80000)
  from space 11776K, 99% used [0x00000000e2f80000,0x00000000e3af8c68,0x00000000e3b00000)
  to   space 14336K, 0% used [0x00000000e8880000,0x00000000e8880000,0x00000000e9680000)
 ParOldGen       total 58368K, used 16188K [0x0000000080000000, 0x0000000083900000, 0x00000000d5580000)
  object space 58368K, 27% used [0x0000000080000000,0x0000000080fcf018,0x0000000083900000)
 Metaspace       used 34062K, capacity 35278K, committed 35496K, reserved 1081344K
  class space    used 4106K, capacity 4490K, committed 4608K, reserved 1048576K
}
Event: 61.453 GC heap before
{Heap before GC invocations=11 (full 2):
 PSYoungGen      total 235008K, used 11747K [0x00000000d5580000, 0x00000000e9680000, 0x0000000100000000)
  eden space 223232K, 0% used [0x00000000d5580000,0x00000000d5580000,0x00000000e2f80000)
  from space 11776K, 99% used [0x00000000e2f80000,0x00000000e3af8c68,0x00000000e3b00000)
  to   space 14336K, 0% used [0x00000000e8880000,0x00000000e8880000,0x00000000e9680000)
 ParOldGen       total 58368K, used 16188K [0x0000000080000000, 0x0000000083900000, 0x00000000d5580000)
  object space 58368K, 27% used [0x0000000080000000,0x0000000080fcf018,0x0000000083900000)
 Metaspace       used 34062K, capacity 35278K, committed 35496K, reserved 1081344K
  class space    used 4106K, capacity 4490K, committed 4608K, reserved 1048576K
Event: 61.629 GC heap after
Heap after GC invocations=11 (full 2):
 PSYoungGen      total 235008K, used 0K [0x00000000d5580000, 0x00000000e9680000, 0x0000000100000000)
  eden space 223232K, 0% used [0x00000000d5580000,0x00000000d5580000,0x00000000e2f80000)
  from space 11776K, 0% used [0x00000000e2f80000,0x00000000e2f80000,0x00000000e3b00000)
  to   space 14336K, 0% used [0x00000000e8880000,0x00000000e8880000,0x00000000e9680000)
 ParOldGen       total 83968K, used 26371K [0x0000000080000000, 0x0000000085200000, 0x00000000d5580000)
  object space 83968K, 31% used [0x0000000080000000,0x00000000819c0c18,0x0000000085200000)
 Metaspace       used 34062K, capacity 35278K, committed 35496K, reserved 1081344K
  class space    used 4106K, capacity 4490K, committed 4608K, reserved 1048576K
}

