# JRE version: Java(TM) SE Runtime Environment (8.0_181-b13) (build 1.8.0_181-b13)
# Java VM: Java HotSpot(TM) 64-Bit Server VM (25.181-b13 mixed mode windows-amd64 compressed oops)
Heap:
 PSYoungGen      total 134144K, used 98935K [0x00000000d5580000, 0x00000000e1200000, 0x0000000100000000)
  eden space 122368K, 71% used [0x00000000d5580000,0x00000000daaa3930,0x00000000dcd00000)
  from space 11776K, 99% used [0x00000000dcd00000,0x00000000dd87a2d0,0x00000000dd880000)
  to   space 13312K, 0% used [0x00000000e0500000,0x00000000e0500000,0x00000000e1200000)
 ParOldGen       total 58368K, used 13754K [0x0000000080000000, 0x0000000083900000, 0x00000000d5580000)
  object space 58368K, 23% used [0x0000000080000000,0x0000000080d6e8b0,0x0000000083900000)
 Metaspace       used 30016K, capacity 31108K, committed 31360K, reserved 1077248K
  class space    used 3581K, capacity 3913K, committed 3968K, reserved 1048576K
GC Heap History (10 events):
Event: 13.699 GC heap before
{Heap before GC invocations=6 (full 0):
 PSYoungGen      total 38400K, used 38385K [0x00000000d5580000, 0x00000000da780000, 0x0000000100000000)
  eden space 33280K, 100% used [0x00000000d5580000,0x00000000d7600000,0x00000000d7600000)
  from space 5120K, 99% used [0x00000000d7600000,0x00000000d7afc728,0x00000000d7b00000)
  to   space 8704K, 0% used [0x00000000d9f00000,0x00000000d9f00000,0x00000000da780000)
 ParOldGen       total 87552K, used 5631K [0x0000000080000000, 0x0000000085580000, 0x00000000d5580000)
  object space 87552K, 6% used [0x0000000080000000,0x000000008057fcb0,0x0000000085580000)
 Metaspace       used 18988K, capacity 19194K, committed 19456K, reserved 1067008K
  class space    used 2102K, capacity 2179K, committed 2304K, reserved 1048576K
Event: 13.715 GC heap after
Heap after GC invocations=6 (full 0):
 PSYoungGen      total 75264K, used 5796K [0x00000000d5580000, 0x00000000da780000, 0x0000000100000000)
  eden space 66560K, 0% used [0x00000000d5580000,0x00000000d5580000,0x00000000d9680000)
  from space 8704K, 66% used [0x00000000d9f00000,0x00000000da4a9118,0x00000000da780000)
  to   space 8704K, 0% used [0x00000000d9680000,0x00000000d9680000,0x00000000d9f00000)
 ParOldGen       total 87552K, used 5639K [0x0000000080000000, 0x0000000085580000, 0x00000000d5580000)
  object space 87552K, 6% used [0x0000000080000000,0x0000000080581cb0,0x0000000085580000)
 Metaspace       used 18988K, capacity 19194K, committed 19456K, reserved 1067008K
  class space    used 2102K, capacity 2179K, committed 2304K, reserved 1048576K
}
Event: 16.936 GC heap before
{Heap before GC invocations=7 (full 0):
 PSYoungGen      total 75264K, used 65663K [0x00000000d5580000, 0x00000000da780000, 0x0000000100000000)
  eden space 66560K, 89% used [0x00000000d5580000,0x00000000d8ff6c40,0x00000000d9680000)
  from space 8704K, 66% used [0x00000000d9f00000,0x00000000da4a9118,0x00000000da780000)
  to   space 8704K, 0% used [0x00000000d9680000,0x00000000d9680000,0x00000000d9f00000)
 ParOldGen       total 87552K, used 5639K [0x0000000080000000, 0x0000000085580000, 0x00000000d5580000)
  object space 87552K, 6% used [0x0000000080000000,0x0000000080581cb0,0x0000000085580000)
 Metaspace       used 20916K, capacity 21190K, committed 21296K, reserved 1069056K
  class space    used 2314K, capacity 2411K, committed 2432K, reserved 1048576K
Event: 16.950 GC heap after
Heap after GC invocations=7 (full 0):
 PSYoungGen      total 75264K, used 8691K [0x00000000d5580000, 0x00000000dec80000, 0x0000000100000000)
  eden space 66560K, 0% used [0x00000000d5580000,0x00000000d5580000,0x00000000d9680000)
  from space 8704K, 99% used [0x00000000d9680000,0x00000000d9efcf20,0x00000000d9f00000)
  to   space 10752K, 0% used [0x00000000de200000,0x00000000de200000,0x00000000dec80000)
 ParOldGen       total 87552K, used 8463K [0x0000000080000000, 0x0000000085580000, 0x00000000d5580000)
  object space 87552K, 9% used [0x0000000080000000,0x0000000080843cb0,0x0000000085580000)
 Metaspace       used 20916K, capacity 21190K, committed 21296K, reserved 1069056K
  class space    used 2314K, capacity 2411K, committed 2432K, reserved 1048576K
}
Event: 16.950 GC heap before
{Heap before GC invocations=8 (full 1):
 PSYoungGen      total 75264K, used 8691K [0x00000000d5580000, 0x00000000dec80000, 0x0000000100000000)
  eden space 66560K, 0% used [0x00000000d5580000,0x00000000d5580000,0x00000000d9680000)
  from space 8704K, 99% used [0x00000000d9680000,0x00000000d9efcf20,0x00000000d9f00000)
  to   space 10752K, 0% used [0x00000000de200000,0x00000000de200000,0x00000000dec80000)
 ParOldGen       total 87552K, used 8463K [0x0000000080000000, 0x0000000085580000, 0x00000000d5580000)
  object space 87552K, 9% used [0x0000000080000000,0x0000000080843cb0,0x0000000085580000)
 Metaspace       used 20916K, capacity 21190K, committed 21296K, reserved 1069056K
  class space    used 2314K, capacity 2411K, committed 2432K, reserved 1048576K
Event: 17.021 GC heap after
Heap after GC invocations=8 (full 1):
 PSYoungGen      total 75264K, used 0K [0x00000000d5580000, 0x00000000dec80000, 0x0000000100000000)
  eden space 66560K, 0% used [0x00000000d5580000,0x00000000d5580000,0x00000000d9680000)
  from space 8704K, 0% used [0x00000000d9680000,0x00000000d9680000,0x00000000d9f00000)
  to   space 10752K, 0% used [0x00000000de200000,0x00000000de200000,0x00000000dec80000)
 ParOldGen       total 58368K, used 13738K [0x0000000080000000, 0x0000000083900000, 0x00000000d5580000)
  object space 58368K, 23% used [0x0000000080000000,0x0000000080d6a8b0,0x0000000083900000)
 Metaspace       used 20916K, capacity 21190K, committed 21296K, reserved 1069056K
  class space    used 2314K, capacity 2411K, committed 2432K, reserved 1048576K
}
Event: 18.556 GC heap before
{Heap before GC invocations=9 (full 1):
 PSYoungGen      total 75264K, used 66560K [0x00000000d5580000, 0x00000000dec80000, 0x0000000100000000)
  eden space 66560K, 100% used [0x00000000d5580000,0x00000000d9680000,0x00000000d9680000)
  from space 8704K, 0% used [0x00000000d9680000,0x00000000d9680000,0x00000000d9f00000)
  to   space 10752K, 0% used [0x00000000de200000,0x00000000de200000,0x00000000dec80000)
 ParOldGen       total 58368K, used 13738K [0x0000000080000000, 0x0000000083900000, 0x00000000d5580000)
  object space 58368K, 23% used [0x0000000080000000,0x0000000080d6a8b0,0x0000000083900000)
 Metaspace       used 21547K, capacity 21946K, committed 22192K, reserved 1069056K
  class space    used 2371K, capacity 2469K, committed 2560K, reserved 1048576K
Event: 18.560 GC heap after
Heap after GC invocations=9 (full 1):
 PSYoungGen      total 118784K, used 1556K [0x00000000d5580000, 0x00000000de400000, 0x0000000100000000)
  eden space 116736K, 0% used [0x00000000d5580000,0x00000000d5580000,0x00000000dc780000)
  from space 2048K, 76% used [0x00000000de200000,0x00000000de385270,0x00000000de400000)
  to   space 11776K, 0% used [0x00000000dcd00000,0x00000000dcd00000,0x00000000dd880000)
 ParOldGen       total 58368K, used 13746K [0x0000000080000000, 0x0000000083900000, 0x00000000d5580000)
  object space 58368K, 23% used [0x0000000080000000,0x0000000080d6c8b0,0x0000000083900000)
 Metaspace       used 21547K, capacity 21946K, committed 22192K, reserved 1069056K
  class space    used 2371K, capacity 2469K, committed 2560K, reserved 1048576K
}
Event: 49.039 GC heap before
{Heap before GC invocations=10 (full 1):
 PSYoungGen      total 118784K, used 118292K [0x00000000d5580000, 0x00000000de400000, 0x0000000100000000)
  eden space 116736K, 100% used [0x00000000d5580000,0x00000000dc780000,0x00000000dc780000)
  from space 2048K, 76% used [0x00000000de200000,0x00000000de385270,0x00000000de400000)
  to   space 11776K, 0% used [0x00000000dcd00000,0x00000000dcd00000,0x00000000dd880000)
 ParOldGen       total 58368K, used 13746K [0x0000000080000000, 0x0000000083900000, 0x00000000d5580000)
  object space 58368K, 23% used [0x0000000080000000,0x0000000080d6c8b0,0x0000000083900000)
 Metaspace       used 29094K, capacity 30096K, committed 30208K, reserved 1075200K
  class space    used 3475K, capacity 3759K, committed 3840K, reserved 1048576K
Event: 49.110 GC heap after
Heap after GC invocations=10 (full 1):
 PSYoungGen      total 134144K, used 11752K [0x00000000d5580000, 0x00000000e1200000, 0x0000000100000000)
  eden space 122368K, 0% used [0x00000000d5580000,0x00000000d5580000,0x00000000dcd00000)
  from space 11776K, 99% used [0x00000000dcd00000,0x00000000dd87a2d0,0x00000000dd880000)
  to   space 13312K, 0% used [0x00000000e0500000,0x00000000e0500000,0x00000000e1200000)
 ParOldGen       total 58368K, used 13754K [0x0000000080000000, 0x0000000083900000, 0x00000000d5580000)
  object space 58368K, 23% used [0x0000000080000000,0x0000000080d6e8b0,0x0000000083900000)
 Metaspace       used 29094K, capacity 30096K, committed 30208K, reserved 1075200K
  class space    used 3475K, capacity 3759K, committed 3840K, reserved 1048576K
}

