# JRE version: Java(TM) SE Runtime Environment (8.0_181-b13) (build 1.8.0_181-b13)
# Java VM: Java HotSpot(TM) 64-Bit Server VM (25.181-b13 mixed mode windows-amd64 compressed oops)
Heap:
 PSYoungGen      total 142336K, used 127773K [0x00000000d5580000, 0x00000000e4b80000, 0x0000000100000000)
  eden space 131072K, 91% used [0x00000000d5580000,0x00000000dca25108,0x00000000dd580000)
  from space 11264K, 73% used [0x00000000dd580000,0x00000000ddda2570,0x00000000de080000)
  to   space 11264K, 0% used [0x00000000e4080000,0x00000000e4080000,0x00000000e4b80000)
 ParOldGen       total 57856K, used 13637K [0x0000000080000000, 0x0000000083880000, 0x00000000d5580000)
  object space 57856K, 23% used [0x0000000080000000,0x0000000080d51428,0x0000000083880000)
 Metaspace       used 33844K, capacity 34868K, committed 34944K, reserved 1085440K
  class space    used 4133K, capacity 4466K, committed 4480K, reserved 1048576K
GC Heap History (10 events):
Event: 8.826 GC heap before
{Heap before GC invocations=4 (full 0):
 PSYoungGen      total 38400K, used 38385K [0x00000000d5580000, 0x00000000da080000, 0x0000000100000000)
  eden space 33280K, 100% used [0x00000000d5580000,0x00000000d7600000,0x00000000d7600000)
  from space 5120K, 99% used [0x00000000d7600000,0x00000000d7afc650,0x00000000d7b00000)
  to   space 5120K, 0% used [0x00000000d9b80000,0x00000000d9b80000,0x00000000da080000)
 ParOldGen       total 87552K, used 231K [0x0000000080000000, 0x0000000085580000, 0x00000000d5580000)
  object space 87552K, 0% used [0x0000000080000000,0x0000000080039ed8,0x0000000085580000)
 Metaspace       used 15765K, capacity 15932K, committed 16128K, reserved 1062912K
  class space    used 1699K, capacity 1773K, committed 1792K, reserved 1048576K
Event: 8.840 GC heap after
Heap after GC invocations=4 (full 0):
 PSYoungGen      total 71680K, used 5118K [0x00000000d5580000, 0x00000000da080000, 0x0000000100000000)
  eden space 66560K, 0% used [0x00000000d5580000,0x00000000d5580000,0x00000000d9680000)
  from space 5120K, 99% used [0x00000000d9b80000,0x00000000da07f800,0x00000000da080000)
  to   space 5120K, 0% used [0x00000000d9680000,0x00000000d9680000,0x00000000d9b80000)
 ParOldGen       total 87552K, used 2633K [0x0000000080000000, 0x0000000085580000, 0x00000000d5580000)
  object space 87552K, 3% used [0x0000000080000000,0x0000000080292518,0x0000000085580000)
 Metaspace       used 15765K, capacity 15932K, committed 16128K, reserved 1062912K
  class space    used 1699K, capacity 1773K, committed 1792K, reserved 1048576K
}
Event: 9.947 GC heap before
{Heap before GC invocations=5 (full 0):
 PSYoungGen      total 71680K, used 71678K [0x00000000d5580000, 0x00000000da080000, 0x0000000100000000)
  eden space 66560K, 100% used [0x00000000d5580000,0x00000000d9680000,0x00000000d9680000)
  from space 5120K, 99% used [0x00000000d9b80000,0x00000000da07f800,0x00000000da080000)
  to   space 5120K, 0% used [0x00000000d9680000,0x00000000d9680000,0x00000000d9b80000)
 ParOldGen       total 87552K, used 2633K [0x0000000080000000, 0x0000000085580000, 0x00000000d5580000)
  object space 87552K, 3% used [0x0000000080000000,0x0000000080292518,0x0000000085580000)
 Metaspace       used 18986K, capacity 19194K, committed 19456K, reserved 1067008K
  class space    used 2102K, capacity 2179K, committed 2304K, reserved 1048576K
Event: 9.959 GC heap after
Heap after GC invocations=5 (full 0):
 PSYoungGen      total 71680K, used 5089K [0x00000000d5580000, 0x00000000de980000, 0x0000000100000000)
  eden space 66560K, 0% used [0x00000000d5580000,0x00000000d5580000,0x00000000d9680000)
  from space 5120K, 99% used [0x00000000d9680000,0x00000000d9b78718,0x00000000d9b80000)
  to   space 9216K, 0% used [0x00000000de080000,0x00000000de080000,0x00000000de980000)
 ParOldGen       total 87552K, used 5953K [0x0000000080000000, 0x0000000085580000, 0x00000000d5580000)
  object space 87552K, 6% used [0x0000000080000000,0x00000000805d0738,0x0000000085580000)
 Metaspace       used 18986K, capacity 19194K, committed 19456K, reserved 1067008K
  class space    used 2102K, capacity 2179K, committed 2304K, reserved 1048576K
}
Event: 11.845 GC heap before
{Heap before GC invocations=6 (full 0):
 PSYoungGen      total 71680K, used 64059K [0x00000000d5580000, 0x00000000de980000, 0x0000000100000000)
  eden space 66560K, 88% used [0x00000000d5580000,0x00000000d8f16770,0x00000000d9680000)
  from space 5120K, 99% used [0x00000000d9680000,0x00000000d9b78718,0x00000000d9b80000)
  to   space 9216K, 0% used [0x00000000de080000,0x00000000de080000,0x00000000de980000)
 ParOldGen       total 87552K, used 5953K [0x0000000080000000, 0x0000000085580000, 0x00000000d5580000)
  object space 87552K, 6% used [0x0000000080000000,0x00000000805d0738,0x0000000085580000)
 Metaspace       used 20975K, capacity 21214K, committed 21296K, reserved 1069056K
  class space    used 2327K, capacity 2417K, committed 2432K, reserved 1048576K
Event: 11.862 GC heap after
Heap after GC invocations=6 (full 0):
 PSYoungGen      total 140288K, used 9201K [0x00000000d5580000, 0x00000000ded80000, 0x0000000100000000)
  eden space 131072K, 0% used [0x00000000d5580000,0x00000000d5580000,0x00000000dd580000)
  from space 9216K, 99% used [0x00000000de080000,0x00000000de97c708,0x00000000de980000)
  to   space 11264K, 0% used [0x00000000dd580000,0x00000000dd580000,0x00000000de080000)
 ParOldGen       total 87552K, used 7751K [0x0000000080000000, 0x0000000085580000, 0x00000000d5580000)
  object space 87552K, 8% used [0x0000000080000000,0x0000000080791ea8,0x0000000085580000)
 Metaspace       used 20975K, capacity 21214K, committed 21296K, reserved 1069056K
  class space    used 2327K, capacity 2417K, committed 2432K, reserved 1048576K
}
Event: 11.862 GC heap before
{Heap before GC invocations=7 (full 1):
 PSYoungGen      total 140288K, used 9201K [0x00000000d5580000, 0x00000000ded80000, 0x0000000100000000)
  eden space 131072K, 0% used [0x00000000d5580000,0x00000000d5580000,0x00000000dd580000)
  from space 9216K, 99% used [0x00000000de080000,0x00000000de97c708,0x00000000de980000)
  to   space 11264K, 0% used [0x00000000dd580000,0x00000000dd580000,0x00000000de080000)
 ParOldGen       total 87552K, used 7751K [0x0000000080000000, 0x0000000085580000, 0x00000000d5580000)
  object space 87552K, 8% used [0x0000000080000000,0x0000000080791ea8,0x0000000085580000)
 Metaspace       used 20975K, capacity 21214K, committed 21296K, reserved 1069056K
  class space    used 2327K, capacity 2417K, committed 2432K, reserved 1048576K
Event: 11.931 GC heap after
Heap after GC invocations=7 (full 1):
 PSYoungGen      total 140288K, used 0K [0x00000000d5580000, 0x00000000ded80000, 0x0000000100000000)
  eden space 131072K, 0% used [0x00000000d5580000,0x00000000d5580000,0x00000000dd580000)
  from space 9216K, 0% used [0x00000000de080000,0x00000000de080000,0x00000000de980000)
  to   space 11264K, 0% used [0x00000000dd580000,0x00000000dd580000,0x00000000de080000)
 ParOldGen       total 57856K, used 13629K [0x0000000080000000, 0x0000000083880000, 0x00000000d5580000)
  object space 57856K, 23% used [0x0000000080000000,0x0000000080d4f428,0x0000000083880000)
 Metaspace       used 20975K, capacity 21214K, committed 21296K, reserved 1069056K
  class space    used 2327K, capacity 2417K, committed 2432K, reserved 1048576K
}
Event: 16.828 GC heap before
{Heap before GC invocations=8 (full 1):
 PSYoungGen      total 140288K, used 131072K [0x00000000d5580000, 0x00000000ded80000, 0x0000000100000000)
  eden space 131072K, 100% used [0x00000000d5580000,0x00000000dd580000,0x00000000dd580000)
  from space 9216K, 0% used [0x00000000de080000,0x00000000de080000,0x00000000de980000)
  to   space 11264K, 0% used [0x00000000dd580000,0x00000000dd580000,0x00000000de080000)
 ParOldGen       total 57856K, used 13629K [0x0000000080000000, 0x0000000083880000, 0x00000000d5580000)
  object space 57856K, 23% used [0x0000000080000000,0x0000000080d4f428,0x0000000083880000)
 Metaspace       used 26360K, capacity 27086K, committed 27136K, reserved 1073152K
  class space    used 3129K, capacity 3316K, committed 3328K, reserved 1048576K
Event: 16.838 GC heap after
Heap after GC invocations=8 (full 1):
 PSYoungGen      total 142336K, used 8329K [0x00000000d5580000, 0x00000000e4b80000, 0x0000000100000000)
  eden space 131072K, 0% used [0x00000000d5580000,0x00000000d5580000,0x00000000dd580000)
  from space 11264K, 73% used [0x00000000dd580000,0x00000000ddda2570,0x00000000de080000)
  to   space 11264K, 0% used [0x00000000e4080000,0x00000000e4080000,0x00000000e4b80000)
 ParOldGen       total 57856K, used 13637K [0x0000000080000000, 0x0000000083880000, 0x00000000d5580000)
  object space 57856K, 23% used [0x0000000080000000,0x0000000080d51428,0x0000000083880000)
 Metaspace       used 26360K, capacity 27086K, committed 27136K, reserved 1073152K
  class space    used 3129K, capacity 3316K, committed 3328K, reserved 1048576K
}

