# JRE version: Java(TM) SE Runtime Environment (8.0_181-b13) (build 1.8.0_181-b13)
# Java VM: Java HotSpot(TM) 64-Bit Server VM (25.181-b13 mixed mode windows-amd64 compressed oops)
Heap:
 PSYoungGen      total 236544K, used 137138K [0x00000000d5580000, 0x00000000e6e00000, 0x0000000100000000)
  eden space 227840K, 56% used [0x00000000d5580000,0x00000000dd33e760,0x00000000e3400000)
  from space 8704K, 96% used [0x00000000e6580000,0x00000000e6dae170,0x00000000e6e00000)
  to   space 12288K, 0% used [0x00000000e5600000,0x00000000e5600000,0x00000000e6200000)
 ParOldGen       total 63488K, used 13697K [0x0000000080000000, 0x0000000083e00000, 0x00000000d5580000)
  object space 63488K, 21% used [0x0000000080000000,0x0000000080d607f0,0x0000000083e00000)
 Metaspace       used 29394K, capacity 30458K, committed 30592K, reserved 1075200K
  class space    used 3527K, capacity 3867K, committed 3968K, reserved 1048576K
GC Heap History (10 events):
Event: 13.479 GC heap before
{Heap before GC invocations=3 (full 0):
 PSYoungGen      total 71680K, used 71675K [0x00000000d5580000, 0x00000000da080000, 0x0000000100000000)
  eden space 66560K, 100% used [0x00000000d5580000,0x00000000d9680000,0x00000000d9680000)
  from space 5120K, 99% used [0x00000000d9b80000,0x00000000da07ef98,0x00000000da080000)
  to   space 5120K, 0% used [0x00000000d9680000,0x00000000d9680000,0x00000000d9b80000)
 ParOldGen       total 87552K, used 37K [0x0000000080000000, 0x0000000085580000, 0x00000000d5580000)
  object space 87552K, 0% used [0x0000000080000000,0x0000000080009788,0x0000000085580000)
 Metaspace       used 15625K, capacity 15808K, committed 16128K, reserved 1062912K
  class space    used 1681K, capacity 1773K, committed 1792K, reserved 1048576K
Event: 13.619 GC heap after
Heap after GC invocations=3 (full 0):
 PSYoungGen      total 71680K, used 5097K [0x00000000d5580000, 0x00000000de180000, 0x0000000100000000)
  eden space 66560K, 0% used [0x00000000d5580000,0x00000000d5580000,0x00000000d9680000)
  from space 5120K, 99% used [0x00000000d9680000,0x00000000d9b7a770,0x00000000d9b80000)
  to   space 5120K, 0% used [0x00000000ddc80000,0x00000000ddc80000,0x00000000de180000)
 ParOldGen       total 87552K, used 3251K [0x0000000080000000, 0x0000000085580000, 0x00000000d5580000)
  object space 87552K, 3% used [0x0000000080000000,0x000000008032cee8,0x0000000085580000)
 Metaspace       used 15625K, capacity 15808K, committed 16128K, reserved 1062912K
  class space    used 1681K, capacity 1773K, committed 1792K, reserved 1048576K
}
Event: 15.787 GC heap before
{Heap before GC invocations=4 (full 0):
 PSYoungGen      total 71680K, used 71657K [0x00000000d5580000, 0x00000000de180000, 0x0000000100000000)
  eden space 66560K, 100% used [0x00000000d5580000,0x00000000d9680000,0x00000000d9680000)
  from space 5120K, 99% used [0x00000000d9680000,0x00000000d9b7a770,0x00000000d9b80000)
  to   space 5120K, 0% used [0x00000000ddc80000,0x00000000ddc80000,0x00000000de180000)
 ParOldGen       total 87552K, used 3251K [0x0000000080000000, 0x0000000085580000, 0x00000000d5580000)
  object space 87552K, 3% used [0x0000000080000000,0x000000008032cee8,0x0000000085580000)
 Metaspace       used 18947K, capacity 19134K, committed 19456K, reserved 1067008K
  class space    used 2101K, capacity 2179K, committed 2304K, reserved 1048576K
Event: 15.798 GC heap after
Heap after GC invocations=4 (full 0):
 PSYoungGen      total 138240K, used 5105K [0x00000000d5580000, 0x00000000de180000, 0x0000000100000000)
  eden space 133120K, 0% used [0x00000000d5580000,0x00000000d5580000,0x00000000dd780000)
  from space 5120K, 99% used [0x00000000ddc80000,0x00000000de17c718,0x00000000de180000)
  to   space 5120K, 0% used [0x00000000dd780000,0x00000000dd780000,0x00000000ddc80000)
 ParOldGen       total 87552K, used 6518K [0x0000000080000000, 0x0000000085580000, 0x00000000d5580000)
  object space 87552K, 7% used [0x0000000080000000,0x000000008065d8e8,0x0000000085580000)
 Metaspace       used 18947K, capacity 19134K, committed 19456K, reserved 1067008K
  class space    used 2101K, capacity 2179K, committed 2304K, reserved 1048576K
}
Event: 19.096 GC heap before
{Heap before GC invocations=5 (full 0):
 PSYoungGen      total 138240K, used 66692K [0x00000000d5580000, 0x00000000de180000, 0x0000000100000000)
  eden space 133120K, 46% used [0x00000000d5580000,0x00000000d91a4b88,0x00000000dd780000)
  from space 5120K, 99% used [0x00000000ddc80000,0x00000000de17c718,0x00000000de180000)
  to   space 5120K, 0% used [0x00000000dd780000,0x00000000dd780000,0x00000000ddc80000)
 ParOldGen       total 87552K, used 6518K [0x0000000080000000, 0x0000000085580000, 0x00000000d5580000)
  object space 87552K, 7% used [0x0000000080000000,0x000000008065d8e8,0x0000000085580000)
 Metaspace       used 20893K, capacity 21154K, committed 21296K, reserved 1069056K
  class space    used 2320K, capacity 2417K, committed 2432K, reserved 1048576K
Event: 19.148 GC heap after
Heap after GC invocations=5 (full 0):
 PSYoungGen      total 138240K, used 5089K [0x00000000d5580000, 0x00000000e7180000, 0x0000000100000000)
  eden space 133120K, 0% used [0x00000000d5580000,0x00000000d5580000,0x00000000dd780000)
  from space 5120K, 99% used [0x00000000dd780000,0x00000000ddc786e8,0x00000000ddc80000)
  to   space 12288K, 0% used [0x00000000e6580000,0x00000000e6580000,0x00000000e7180000)
 ParOldGen       total 87552K, used 12566K [0x0000000080000000, 0x0000000085580000, 0x00000000d5580000)
  object space 87552K, 14% used [0x0000000080000000,0x0000000080c45af0,0x0000000085580000)
 Metaspace       used 20893K, capacity 21154K, committed 21296K, reserved 1069056K
  class space    used 2320K, capacity 2417K, committed 2432K, reserved 1048576K
}
Event: 19.148 GC heap before
{Heap before GC invocations=6 (full 1):
 PSYoungGen      total 138240K, used 5089K [0x00000000d5580000, 0x00000000e7180000, 0x0000000100000000)
  eden space 133120K, 0% used [0x00000000d5580000,0x00000000d5580000,0x00000000dd780000)
  from space 5120K, 99% used [0x00000000dd780000,0x00000000ddc786e8,0x00000000ddc80000)
  to   space 12288K, 0% used [0x00000000e6580000,0x00000000e6580000,0x00000000e7180000)
 ParOldGen       total 87552K, used 12566K [0x0000000080000000, 0x0000000085580000, 0x00000000d5580000)
  object space 87552K, 14% used [0x0000000080000000,0x0000000080c45af0,0x0000000085580000)
 Metaspace       used 20893K, capacity 21154K, committed 21296K, reserved 1069056K
  class space    used 2320K, capacity 2417K, committed 2432K, reserved 1048576K
Event: 19.248 GC heap after
Heap after GC invocations=6 (full 1):
 PSYoungGen      total 138240K, used 0K [0x00000000d5580000, 0x00000000e7180000, 0x0000000100000000)
  eden space 133120K, 0% used [0x00000000d5580000,0x00000000d5580000,0x00000000dd780000)
  from space 5120K, 0% used [0x00000000dd780000,0x00000000dd780000,0x00000000ddc80000)
  to   space 12288K, 0% used [0x00000000e6580000,0x00000000e6580000,0x00000000e7180000)
 ParOldGen       total 63488K, used 13689K [0x0000000080000000, 0x0000000083e00000, 0x00000000d5580000)
  object space 63488K, 21% used [0x0000000080000000,0x0000000080d5e7f0,0x0000000083e00000)
 Metaspace       used 20893K, capacity 21154K, committed 21296K, reserved 1069056K
  class space    used 2320K, capacity 2417K, committed 2432K, reserved 1048576K
}
Event: 25.896 GC heap before
{Heap before GC invocations=7 (full 1):
 PSYoungGen      total 138240K, used 133120K [0x00000000d5580000, 0x00000000e7180000, 0x0000000100000000)
  eden space 133120K, 100% used [0x00000000d5580000,0x00000000dd780000,0x00000000dd780000)
  from space 5120K, 0% used [0x00000000dd780000,0x00000000dd780000,0x00000000ddc80000)
  to   space 12288K, 0% used [0x00000000e6580000,0x00000000e6580000,0x00000000e7180000)
 ParOldGen       total 63488K, used 13689K [0x0000000080000000, 0x0000000083e00000, 0x00000000d5580000)
  object space 63488K, 21% used [0x0000000080000000,0x0000000080d5e7f0,0x0000000083e00000)
 Metaspace       used 26638K, capacity 27444K, committed 27520K, reserved 1073152K
  class space    used 3168K, capacity 3409K, committed 3456K, reserved 1048576K
Event: 25.940 GC heap after
Heap after GC invocations=7 (full 1):
 PSYoungGen      total 236544K, used 8376K [0x00000000d5580000, 0x00000000e6e00000, 0x0000000100000000)
  eden space 227840K, 0% used [0x00000000d5580000,0x00000000d5580000,0x00000000e3400000)
  from space 8704K, 96% used [0x00000000e6580000,0x00000000e6dae170,0x00000000e6e00000)
  to   space 12288K, 0% used [0x00000000e5600000,0x00000000e5600000,0x00000000e6200000)
 ParOldGen       total 63488K, used 13697K [0x0000000080000000, 0x0000000083e00000, 0x00000000d5580000)
  object space 63488K, 21% used [0x0000000080000000,0x0000000080d607f0,0x0000000083e00000)
 Metaspace       used 26638K, capacity 27444K, committed 27520K, reserved 1073152K
  class space    used 3168K, capacity 3409K, committed 3456K, reserved 1048576K
}

