# JRE version: Java(TM) SE Runtime Environment (8.0_181-b13) (build 1.8.0_181-b13)
# Java VM: Java HotSpot(TM) 64-Bit Server VM (25.181-b13 mixed mode windows-amd64 compressed oops)
Heap:
 PSYoungGen      total 278528K, used 10299K [0x00000000d5580000, 0x00000000eb000000, 0x0000000100000000)
  eden space 262656K, 3% used [0x00000000d5580000,0x00000000d5f8ef40,0x00000000e5600000)
  from space 15872K, 0% used [0x00000000ea080000,0x00000000ea080000,0x00000000eb000000)
  to   space 12288K, 0% used [0x00000000e5600000,0x00000000e5600000,0x00000000e6200000)
 ParOldGen       total 96256K, used 22432K [0x0000000080000000, 0x0000000085e00000, 0x00000000d5580000)
  object space 96256K, 23% used [0x0000000080000000,0x00000000815e8178,0x0000000085e00000)
 Metaspace       used 35350K, capacity 36524K, committed 36648K, reserved 1087488K
  class space    used 4270K, capacity 4633K, committed 4648K, reserved 1048576K
GC Heap History (10 events):
Event: 23.146 GC heap before
{Heap before GC invocations=7 (full 1):
 PSYoungGen      total 138240K, used 133120K [0x00000000d5580000, 0x00000000e7180000, 0x0000000100000000)
  eden space 133120K, 100% used [0x00000000d5580000,0x00000000dd780000,0x00000000dd780000)
  from space 5120K, 0% used [0x00000000dd780000,0x00000000dd780000,0x00000000ddc80000)
  to   space 12288K, 0% used [0x00000000e6580000,0x00000000e6580000,0x00000000e7180000)
 ParOldGen       total 66560K, used 13701K [0x0000000080000000, 0x0000000084100000, 0x00000000d5580000)
  object space 66560K, 20% used [0x0000000080000000,0x0000000080d614d0,0x0000000084100000)
 Metaspace       used 26630K, capacity 27436K, committed 27520K, reserved 1073152K
  class space    used 3170K, capacity 3411K, committed 3456K, reserved 1048576K
Event: 23.226 GC heap after
Heap after GC invocations=7 (full 1):
 PSYoungGen      total 220672K, used 8290K [0x00000000d5580000, 0x00000000e6e00000, 0x0000000100000000)
  eden space 211968K, 0% used [0x00000000d5580000,0x00000000d5580000,0x00000000e2480000)
  from space 8704K, 95% used [0x00000000e6580000,0x00000000e6d98808,0x00000000e6e00000)
  to   space 12288K, 0% used [0x00000000e5600000,0x00000000e5600000,0x00000000e6200000)
 ParOldGen       total 66560K, used 13709K [0x0000000080000000, 0x0000000084100000, 0x00000000d5580000)
  object space 66560K, 20% used [0x0000000080000000,0x0000000080d634d0,0x0000000084100000)
 Metaspace       used 26630K, capacity 27436K, committed 27520K, reserved 1073152K
  class space    used 3170K, capacity 3411K, committed 3456K, reserved 1048576K
}
Event: 67.047 GC heap before
{Heap before GC invocations=8 (full 1):
 PSYoungGen      total 220672K, used 172504K [0x00000000d5580000, 0x00000000e6e00000, 0x0000000100000000)
  eden space 211968K, 77% used [0x00000000d5580000,0x00000000df5ddbb8,0x00000000e2480000)
  from space 8704K, 95% used [0x00000000e6580000,0x00000000e6d98808,0x00000000e6e00000)
  to   space 12288K, 0% used [0x00000000e5600000,0x00000000e5600000,0x00000000e6200000)
 ParOldGen       total 66560K, used 13709K [0x0000000080000000, 0x0000000084100000, 0x00000000d5580000)
  object space 66560K, 20% used [0x0000000080000000,0x0000000080d634d0,0x0000000084100000)
 Metaspace       used 34377K, capacity 35446K, committed 35496K, reserved 1081344K
  class space    used 4141K, capacity 4490K, committed 4520K, reserved 1048576K
Event: 67.064 GC heap after
Heap after GC invocations=8 (full 1):
 PSYoungGen      total 274944K, used 12278K [0x00000000d5580000, 0x00000000eb000000, 0x0000000100000000)
  eden space 262656K, 0% used [0x00000000d5580000,0x00000000d5580000,0x00000000e5600000)
  from space 12288K, 99% used [0x00000000e5600000,0x00000000e61fd920,0x00000000e6200000)
  to   space 15872K, 0% used [0x00000000ea080000,0x00000000ea080000,0x00000000eb000000)
 ParOldGen       total 66560K, used 17442K [0x0000000080000000, 0x0000000084100000, 0x00000000d5580000)
  object space 66560K, 26% used [0x0000000080000000,0x0000000081108ac0,0x0000000084100000)
 Metaspace       used 34377K, capacity 35446K, committed 35496K, reserved 1081344K
  class space    used 4141K, capacity 4490K, committed 4520K, reserved 1048576K
}
Event: 67.064 GC heap before
{Heap before GC invocations=9 (full 2):
 PSYoungGen      total 274944K, used 12278K [0x00000000d5580000, 0x00000000eb000000, 0x0000000100000000)
  eden space 262656K, 0% used [0x00000000d5580000,0x00000000d5580000,0x00000000e5600000)
  from space 12288K, 99% used [0x00000000e5600000,0x00000000e61fd920,0x00000000e6200000)
  to   space 15872K, 0% used [0x00000000ea080000,0x00000000ea080000,0x00000000eb000000)
 ParOldGen       total 66560K, used 17442K [0x0000000080000000, 0x0000000084100000, 0x00000000d5580000)
  object space 66560K, 26% used [0x0000000080000000,0x0000000081108ac0,0x0000000084100000)
 Metaspace       used 34377K, capacity 35446K, committed 35496K, reserved 1081344K
  class space    used 4141K, capacity 4490K, committed 4520K, reserved 1048576K
Event: 67.197 GC heap after
Heap after GC invocations=9 (full 2):
 PSYoungGen      total 274944K, used 0K [0x00000000d5580000, 0x00000000eb000000, 0x0000000100000000)
  eden space 262656K, 0% used [0x00000000d5580000,0x00000000d5580000,0x00000000e5600000)
  from space 12288K, 0% used [0x00000000e5600000,0x00000000e5600000,0x00000000e6200000)
  to   space 15872K, 0% used [0x00000000ea080000,0x00000000ea080000,0x00000000eb000000)
 ParOldGen       total 96256K, used 28033K [0x0000000080000000, 0x0000000085e00000, 0x00000000d5580000)
  object space 96256K, 29% used [0x0000000080000000,0x0000000081b60520,0x0000000085e00000)
 Metaspace       used 34377K, capacity 35446K, committed 35496K, reserved 1081344K
  class space    used 4141K, capacity 4490K, committed 4520K, reserved 1048576K
}
Event: 67.679 GC heap before
{Heap before GC invocations=10 (full 2):
 PSYoungGen      total 274944K, used 10307K [0x00000000d5580000, 0x00000000eb000000, 0x0000000100000000)
  eden space 262656K, 3% used [0x00000000d5580000,0x00000000d5f90e20,0x00000000e5600000)
  from space 12288K, 0% used [0x00000000e5600000,0x00000000e5600000,0x00000000e6200000)
  to   space 15872K, 0% used [0x00000000ea080000,0x00000000ea080000,0x00000000eb000000)
 ParOldGen       total 96256K, used 28033K [0x0000000080000000, 0x0000000085e00000, 0x00000000d5580000)
  object space 96256K, 29% used [0x0000000080000000,0x0000000081b60520,0x0000000085e00000)
 Metaspace       used 34924K, capacity 35964K, committed 36136K, reserved 1085440K
  class space    used 4217K, capacity 4555K, committed 4648K, reserved 1048576K
Event: 67.681 GC heap after
Heap after GC invocations=10 (full 2):
 PSYoungGen      total 278528K, used 1103K [0x00000000d5580000, 0x00000000eb000000, 0x0000000100000000)
  eden space 262656K, 0% used [0x00000000d5580000,0x00000000d5580000,0x00000000e5600000)
  from space 15872K, 6% used [0x00000000ea080000,0x00000000ea193c80,0x00000000eb000000)
  to   space 12288K, 0% used [0x00000000e5600000,0x00000000e5600000,0x00000000e6200000)
 ParOldGen       total 96256K, used 28041K [0x0000000080000000, 0x0000000085e00000, 0x00000000d5580000)
  object space 96256K, 29% used [0x0000000080000000,0x0000000081b62520,0x0000000085e00000)
 Metaspace       used 34924K, capacity 35964K, committed 36136K, reserved 1085440K
  class space    used 4217K, capacity 4555K, committed 4648K, reserved 1048576K
}
Event: 67.681 GC heap before
{Heap before GC invocations=11 (full 3):
 PSYoungGen      total 278528K, used 1103K [0x00000000d5580000, 0x00000000eb000000, 0x0000000100000000)
  eden space 262656K, 0% used [0x00000000d5580000,0x00000000d5580000,0x00000000e5600000)
  from space 15872K, 6% used [0x00000000ea080000,0x00000000ea193c80,0x00000000eb000000)
  to   space 12288K, 0% used [0x00000000e5600000,0x00000000e5600000,0x00000000e6200000)
 ParOldGen       total 96256K, used 28041K [0x0000000080000000, 0x0000000085e00000, 0x00000000d5580000)
  object space 96256K, 29% used [0x0000000080000000,0x0000000081b62520,0x0000000085e00000)
 Metaspace       used 34924K, capacity 35964K, committed 36136K, reserved 1085440K
  class space    used 4217K, capacity 4555K, committed 4648K, reserved 1048576K
Event: 67.916 GC heap after
Heap after GC invocations=11 (full 3):
 PSYoungGen      total 278528K, used 0K [0x00000000d5580000, 0x00000000eb000000, 0x0000000100000000)
  eden space 262656K, 0% used [0x00000000d5580000,0x00000000d5580000,0x00000000e5600000)
  from space 15872K, 0% used [0x00000000ea080000,0x00000000ea080000,0x00000000eb000000)
  to   space 12288K, 0% used [0x00000000e5600000,0x00000000e5600000,0x00000000e6200000)
 ParOldGen       total 96256K, used 22432K [0x0000000080000000, 0x0000000085e00000, 0x00000000d5580000)
  object space 96256K, 23% used [0x0000000080000000,0x00000000815e8178,0x0000000085e00000)
 Metaspace       used 34924K, capacity 35964K, committed 36136K, reserved 1083392K
  class space    used 4217K, capacity 4555K, committed 4648K, reserved 1048576K
}

